<?xml version="1.0" encoding="utf-8"?>
<CoverageSession xmlns:xsd="http://www.w3.org/2001/XMLSchema" xmlns:xsi="http://www.w3.org/2001/XMLSchema-instance" Version="4.7.922.0">
  <Summary numSequencePoints="621" visitedSequencePoints="99" numBranchPoints="195" visitedBranchPoints="50" sequenceCoverage="15.94" branchCoverage="25.64" maxCyclomaticComplexity="13" minCyclomaticComplexity="1" maxCrapScore="182" minCrapScore="1" visitedClasses="4" numClasses="14" visitedMethods="31" numMethods="77" />
  <Modules>
    <Module hash="03-E2-F2-0C-74-02-D2-CC-CD-AB-F1-0E-49-94-74-70-56-0C-D1-3A">
      <Summary numSequencePoints="44" visitedSequencePoints="44" numBranchPoints="9" visitedBranchPoints="9" sequenceCoverage="100" branchCoverage="100" maxCyclomaticComplexity="1" minCyclomaticComplexity="1" maxCrapScore="2" minCrapScore="1" visitedClasses="2" numClasses="2" visitedMethods="9" numMethods="9" />
      <ModulePath>C:\Users\Carlos\source\repos\ControleTarefas\ControleTarefas.Testes\bin\Debug\fine-code-coverage\build-output\ControleTarefas.Testes.dll</ModulePath>
      <ModuleTime>2021-06-21T23:18:46.830722Z</ModuleTime>
      <ModuleName>ControleTarefas.Testes</ModuleName>
      <Files>
        <File uid="1" fullPath="C:\Users\Carlos\source\repos\ControleTarefas\ControleTarefas.Testes\ContatoTestes.cs" />
        <File uid="2" fullPath="C:\Users\Carlos\source\repos\ControleTarefas\ControleTarefas.Testes\TarefaTestes.cs" />
      </Files>
      <Classes>
        <Class>
          <Summary numSequencePoints="24" visitedSequencePoints="24" numBranchPoints="4" visitedBranchPoints="4" sequenceCoverage="100" branchCoverage="100" maxCyclomaticComplexity="1" minCyclomaticComplexity="1" maxCrapScore="2" minCrapScore="1" visitedClasses="1" numClasses="1" visitedMethods="4" numMethods="4" />
          <FullName>ControleTarefas.Testes.ContatoTestes</FullName>
          <Methods>
            <Method visited="true" cyclomaticComplexity="1" nPathComplexity="0" sequenceCoverage="100" branchCoverage="100" crapScore="1" isConstructor="false" isStatic="false" isGetter="false" isSetter="false">
              <Summary numSequencePoints="6" visitedSequencePoints="6" numBranchPoints="1" visitedBranchPoints="1" sequenceCoverage="100" branchCoverage="100" maxCyclomaticComplexity="1" minCyclomaticComplexity="1" maxCrapScore="1" minCrapScore="1" visitedClasses="0" numClasses="0" visitedMethods="1" numMethods="1" />
              <MetadataToken>100663297</MetadataToken>
              <Name>System.Void ControleTarefas.Testes.ContatoTestes::EmailValido()</Name>
              <FileRef uid="1" />
              <SequencePoints>
                <SequencePoint vc="1" uspid="1" ordinal="0" offset="0" sl="13" sc="9" el="13" ec="10" bec="0" bev="0" fileid="1" />
                <SequencePoint vc="1" uspid="2" ordinal="1" offset="1" sl="14" sc="13" el="14" ec="42" bec="0" bev="0" fileid="1" />
                <SequencePoint vc="1" uspid="3" ordinal="2" offset="7" sl="15" sc="13" el="15" ec="59" bec="0" bev="0" fileid="1" />
                <SequencePoint vc="1" uspid="4" ordinal="3" offset="31" sl="17" sc="13" el="17" ec="57" bec="0" bev="0" fileid="1" />
                <SequencePoint vc="1" uspid="5" ordinal="4" offset="44" sl="18" sc="13" el="18" ec="58" bec="0" bev="0" fileid="1" />
                <SequencePoint vc="1" uspid="6" ordinal="5" offset="61" sl="19" sc="9" el="19" ec="10" bec="0" bev="0" fileid="1" />
              </SequencePoints>
              <BranchPoints />
              <MethodPoint xsi:type="SequencePoint" vc="1" uspid="1" ordinal="0" offset="0" sl="13" sc="9" el="13" ec="10" bec="0" bev="0" fileid="1" />
            </Method>
            <Method visited="true" cyclomaticComplexity="1" nPathComplexity="0" sequenceCoverage="100" branchCoverage="100" crapScore="1" isConstructor="false" isStatic="false" isGetter="false" isSetter="false">
              <Summary numSequencePoints="6" visitedSequencePoints="6" numBranchPoints="1" visitedBranchPoints="1" sequenceCoverage="100" branchCoverage="100" maxCyclomaticComplexity="1" minCyclomaticComplexity="1" maxCrapScore="1" minCrapScore="1" visitedClasses="0" numClasses="0" visitedMethods="1" numMethods="1" />
              <MetadataToken>100663298</MetadataToken>
              <Name>System.Void ControleTarefas.Testes.ContatoTestes::EmailInvalido()</Name>
              <FileRef uid="1" />
              <SequencePoints>
                <SequencePoint vc="1" uspid="7" ordinal="0" offset="0" sl="23" sc="9" el="23" ec="10" bec="0" bev="0" fileid="1" />
                <SequencePoint vc="1" uspid="8" ordinal="1" offset="1" sl="24" sc="13" el="24" ec="34" bec="0" bev="0" fileid="1" />
                <SequencePoint vc="1" uspid="9" ordinal="2" offset="7" sl="25" sc="13" el="25" ec="63" bec="0" bev="0" fileid="1" />
                <SequencePoint vc="1" uspid="10" ordinal="3" offset="31" sl="27" sc="13" el="27" ec="58" bec="0" bev="0" fileid="1" />
                <SequencePoint vc="1" uspid="11" ordinal="4" offset="44" sl="28" sc="13" el="28" ec="58" bec="0" bev="0" fileid="1" />
                <SequencePoint vc="1" uspid="12" ordinal="5" offset="61" sl="29" sc="9" el="29" ec="10" bec="0" bev="0" fileid="1" />
              </SequencePoints>
              <BranchPoints />
              <MethodPoint xsi:type="SequencePoint" vc="1" uspid="7" ordinal="0" offset="0" sl="23" sc="9" el="23" ec="10" bec="0" bev="0" fileid="1" />
            </Method>
            <Method visited="true" cyclomaticComplexity="1" nPathComplexity="0" sequenceCoverage="100" branchCoverage="100" crapScore="1" isConstructor="false" isStatic="false" isGetter="false" isSetter="false">
              <Summary numSequencePoints="6" visitedSequencePoints="6" numBranchPoints="1" visitedBranchPoints="1" sequenceCoverage="100" branchCoverage="100" maxCyclomaticComplexity="1" minCyclomaticComplexity="1" maxCrapScore="1" minCrapScore="1" visitedClasses="0" numClasses="0" visitedMethods="1" numMethods="1" />
              <MetadataToken>100663299</MetadataToken>
              <Name>System.Void ControleTarefas.Testes.ContatoTestes::TelefoneValido()</Name>
              <FileRef uid="1" />
              <SequencePoints>
                <SequencePoint vc="1" uspid="13" ordinal="0" offset="0" sl="33" sc="9" el="33" ec="10" bec="0" bev="0" fileid="1" />
                <SequencePoint vc="1" uspid="14" ordinal="1" offset="1" sl="34" sc="13" el="34" ec="38" bec="0" bev="0" fileid="1" />
                <SequencePoint vc="1" uspid="15" ordinal="2" offset="7" sl="35" sc="13" el="35" ec="67" bec="0" bev="0" fileid="1" />
                <SequencePoint vc="1" uspid="16" ordinal="3" offset="35" sl="37" sc="13" el="37" ec="60" bec="0" bev="0" fileid="1" />
                <SequencePoint vc="1" uspid="17" ordinal="4" offset="48" sl="38" sc="13" el="38" ec="58" bec="0" bev="0" fileid="1" />
                <SequencePoint vc="1" uspid="18" ordinal="5" offset="65" sl="39" sc="9" el="39" ec="10" bec="0" bev="0" fileid="1" />
              </SequencePoints>
              <BranchPoints />
              <MethodPoint xsi:type="SequencePoint" vc="1" uspid="13" ordinal="0" offset="0" sl="33" sc="9" el="33" ec="10" bec="0" bev="0" fileid="1" />
            </Method>
            <Method visited="true" cyclomaticComplexity="1" nPathComplexity="0" sequenceCoverage="100" branchCoverage="100" crapScore="1" isConstructor="false" isStatic="false" isGetter="false" isSetter="false">
              <Summary numSequencePoints="6" visitedSequencePoints="6" numBranchPoints="1" visitedBranchPoints="1" sequenceCoverage="100" branchCoverage="100" maxCyclomaticComplexity="1" minCyclomaticComplexity="1" maxCrapScore="1" minCrapScore="1" visitedClasses="0" numClasses="0" visitedMethods="1" numMethods="1" />
              <MetadataToken>100663300</MetadataToken>
              <Name>System.Void ControleTarefas.Testes.ContatoTestes::TelefoneInvalido()</Name>
              <FileRef uid="1" />
              <SequencePoints>
                <SequencePoint vc="1" uspid="19" ordinal="0" offset="0" sl="43" sc="9" el="43" ec="10" bec="0" bev="0" fileid="1" />
                <SequencePoint vc="1" uspid="20" ordinal="1" offset="1" sl="44" sc="13" el="44" ec="33" bec="0" bev="0" fileid="1" />
                <SequencePoint vc="1" uspid="21" ordinal="2" offset="7" sl="45" sc="13" el="45" ec="67" bec="0" bev="0" fileid="1" />
                <SequencePoint vc="1" uspid="22" ordinal="3" offset="35" sl="47" sc="13" el="47" ec="61" bec="0" bev="0" fileid="1" />
                <SequencePoint vc="1" uspid="23" ordinal="4" offset="48" sl="48" sc="13" el="48" ec="58" bec="0" bev="0" fileid="1" />
                <SequencePoint vc="1" uspid="24" ordinal="5" offset="65" sl="49" sc="9" el="49" ec="10" bec="0" bev="0" fileid="1" />
              </SequencePoints>
              <BranchPoints />
              <MethodPoint xsi:type="SequencePoint" vc="1" uspid="19" ordinal="0" offset="0" sl="43" sc="9" el="43" ec="10" bec="0" bev="0" fileid="1" />
            </Method>
            <Method visited="false" cyclomaticComplexity="1" nPathComplexity="0" sequenceCoverage="0" branchCoverage="0" crapScore="2" isConstructor="true" isStatic="false" isGetter="false" isSetter="false">
              <Summary numSequencePoints="0" visitedSequencePoints="0" numBranchPoints="0" visitedBranchPoints="0" sequenceCoverage="0" branchCoverage="0" maxCyclomaticComplexity="1" minCyclomaticComplexity="1" maxCrapScore="2" minCrapScore="2" visitedClasses="0" numClasses="0" visitedMethods="0" numMethods="0" />
              <MetadataToken>100663301</MetadataToken>
              <Name>System.Void ControleTarefas.Testes.ContatoTestes::.ctor()</Name>
              <SequencePoints />
              <BranchPoints />
              <MethodPoint vc="0" uspid="25" ordinal="0" offset="0" />
            </Method>
          </Methods>
        </Class>
        <Class>
          <Summary numSequencePoints="20" visitedSequencePoints="20" numBranchPoints="5" visitedBranchPoints="5" sequenceCoverage="100" branchCoverage="100" maxCyclomaticComplexity="1" minCyclomaticComplexity="1" maxCrapScore="2" minCrapScore="1" visitedClasses="1" numClasses="1" visitedMethods="5" numMethods="5" />
          <FullName>ControleTarefas.Testes.TarefaTestes</FullName>
          <Methods>
            <Method visited="true" cyclomaticComplexity="1" nPathComplexity="0" sequenceCoverage="100" branchCoverage="100" crapScore="1" isConstructor="false" isStatic="false" isGetter="false" isSetter="false">
              <Summary numSequencePoints="4" visitedSequencePoints="4" numBranchPoints="1" visitedBranchPoints="1" sequenceCoverage="100" branchCoverage="100" maxCyclomaticComplexity="1" minCyclomaticComplexity="1" maxCrapScore="1" minCrapScore="1" visitedClasses="0" numClasses="0" visitedMethods="1" numMethods="1" />
              <MetadataToken>100663302</MetadataToken>
              <Name>System.Void ControleTarefas.Testes.TarefaTestes::AoCriarTarefaDataConclusaoValorMaximo()</Name>
              <FileRef uid="2" />
              <SequencePoints>
                <SequencePoint vc="1" uspid="26" ordinal="0" offset="0" sl="12" sc="9" el="12" ec="10" bec="0" bev="0" fileid="2" />
                <SequencePoint vc="1" uspid="27" ordinal="1" offset="1" sl="13" sc="13" el="13" ec="78" bec="0" bev="0" fileid="2" />
                <SequencePoint vc="1" uspid="28" ordinal="2" offset="24" sl="15" sc="13" el="15" ec="69" bec="0" bev="0" fileid="2" />
                <SequencePoint vc="1" uspid="29" ordinal="3" offset="41" sl="16" sc="9" el="16" ec="10" bec="0" bev="0" fileid="2" />
              </SequencePoints>
              <BranchPoints />
              <MethodPoint xsi:type="SequencePoint" vc="1" uspid="26" ordinal="0" offset="0" sl="12" sc="9" el="12" ec="10" bec="0" bev="0" fileid="2" />
            </Method>
            <Method visited="true" cyclomaticComplexity="1" nPathComplexity="0" sequenceCoverage="100" branchCoverage="100" crapScore="1" isConstructor="false" isStatic="false" isGetter="false" isSetter="false">
              <Summary numSequencePoints="4" visitedSequencePoints="4" numBranchPoints="1" visitedBranchPoints="1" sequenceCoverage="100" branchCoverage="100" maxCyclomaticComplexity="1" minCyclomaticComplexity="1" maxCrapScore="1" minCrapScore="1" visitedClasses="0" numClasses="0" visitedMethods="1" numMethods="1" />
              <MetadataToken>100663303</MetadataToken>
              <Name>System.Void ControleTarefas.Testes.TarefaTestes::ValidarPrioridade2()</Name>
              <FileRef uid="2" />
              <SequencePoints>
                <SequencePoint vc="1" uspid="30" ordinal="0" offset="0" sl="20" sc="9" el="20" ec="10" bec="0" bev="0" fileid="2" />
                <SequencePoint vc="1" uspid="31" ordinal="1" offset="1" sl="21" sc="13" el="21" ec="78" bec="0" bev="0" fileid="2" />
                <SequencePoint vc="1" uspid="32" ordinal="2" offset="24" sl="23" sc="13" el="23" ec="62" bec="0" bev="0" fileid="2" />
                <SequencePoint vc="1" uspid="33" ordinal="3" offset="37" sl="24" sc="9" el="24" ec="10" bec="0" bev="0" fileid="2" />
              </SequencePoints>
              <BranchPoints />
              <MethodPoint xsi:type="SequencePoint" vc="1" uspid="30" ordinal="0" offset="0" sl="20" sc="9" el="20" ec="10" bec="0" bev="0" fileid="2" />
            </Method>
            <Method visited="true" cyclomaticComplexity="1" nPathComplexity="0" sequenceCoverage="100" branchCoverage="100" crapScore="1" isConstructor="false" isStatic="false" isGetter="false" isSetter="false">
              <Summary numSequencePoints="4" visitedSequencePoints="4" numBranchPoints="1" visitedBranchPoints="1" sequenceCoverage="100" branchCoverage="100" maxCyclomaticComplexity="1" minCyclomaticComplexity="1" maxCrapScore="1" minCrapScore="1" visitedClasses="0" numClasses="0" visitedMethods="1" numMethods="1" />
              <MetadataToken>100663304</MetadataToken>
              <Name>System.Void ControleTarefas.Testes.TarefaTestes::ValidarPrioridade5()</Name>
              <FileRef uid="2" />
              <SequencePoints>
                <SequencePoint vc="1" uspid="34" ordinal="0" offset="0" sl="28" sc="9" el="28" ec="10" bec="0" bev="0" fileid="2" />
                <SequencePoint vc="1" uspid="35" ordinal="1" offset="1" sl="29" sc="13" el="29" ec="78" bec="0" bev="0" fileid="2" />
                <SequencePoint vc="1" uspid="36" ordinal="2" offset="24" sl="31" sc="13" el="31" ec="63" bec="0" bev="0" fileid="2" />
                <SequencePoint vc="1" uspid="37" ordinal="3" offset="37" sl="32" sc="9" el="32" ec="10" bec="0" bev="0" fileid="2" />
              </SequencePoints>
              <BranchPoints />
              <MethodPoint xsi:type="SequencePoint" vc="1" uspid="34" ordinal="0" offset="0" sl="28" sc="9" el="28" ec="10" bec="0" bev="0" fileid="2" />
            </Method>
            <Method visited="true" cyclomaticComplexity="1" nPathComplexity="0" sequenceCoverage="100" branchCoverage="100" crapScore="1" isConstructor="false" isStatic="false" isGetter="false" isSetter="false">
              <Summary numSequencePoints="4" visitedSequencePoints="4" numBranchPoints="1" visitedBranchPoints="1" sequenceCoverage="100" branchCoverage="100" maxCyclomaticComplexity="1" minCyclomaticComplexity="1" maxCrapScore="1" minCrapScore="1" visitedClasses="0" numClasses="0" visitedMethods="1" numMethods="1" />
              <MetadataToken>100663305</MetadataToken>
              <Name>System.Void ControleTarefas.Testes.TarefaTestes::ValidarPercentualConcluido110()</Name>
              <FileRef uid="2" />
              <SequencePoints>
                <SequencePoint vc="1" uspid="38" ordinal="0" offset="0" sl="36" sc="9" el="36" ec="10" bec="0" bev="0" fileid="2" />
                <SequencePoint vc="1" uspid="39" ordinal="1" offset="1" sl="37" sc="13" el="37" ec="80" bec="0" bev="0" fileid="2" />
                <SequencePoint vc="1" uspid="40" ordinal="2" offset="25" sl="39" sc="13" el="39" ec="72" bec="0" bev="0" fileid="2" />
                <SequencePoint vc="1" uspid="41" ordinal="3" offset="38" sl="40" sc="9" el="40" ec="10" bec="0" bev="0" fileid="2" />
              </SequencePoints>
              <BranchPoints />
              <MethodPoint xsi:type="SequencePoint" vc="1" uspid="38" ordinal="0" offset="0" sl="36" sc="9" el="36" ec="10" bec="0" bev="0" fileid="2" />
            </Method>
            <Method visited="true" cyclomaticComplexity="1" nPathComplexity="0" sequenceCoverage="100" branchCoverage="100" crapScore="1" isConstructor="false" isStatic="false" isGetter="false" isSetter="false">
              <Summary numSequencePoints="4" visitedSequencePoints="4" numBranchPoints="1" visitedBranchPoints="1" sequenceCoverage="100" branchCoverage="100" maxCyclomaticComplexity="1" minCyclomaticComplexity="1" maxCrapScore="1" minCrapScore="1" visitedClasses="0" numClasses="0" visitedMethods="1" numMethods="1" />
              <MetadataToken>100663306</MetadataToken>
              <Name>System.Void ControleTarefas.Testes.TarefaTestes::ValidarPercentualConcluido70()</Name>
              <FileRef uid="2" />
              <SequencePoints>
                <SequencePoint vc="1" uspid="42" ordinal="0" offset="0" sl="44" sc="9" el="44" ec="10" bec="0" bev="0" fileid="2" />
                <SequencePoint vc="1" uspid="43" ordinal="1" offset="1" sl="45" sc="13" el="45" ec="79" bec="0" bev="0" fileid="2" />
                <SequencePoint vc="1" uspid="44" ordinal="2" offset="25" sl="47" sc="13" el="47" ec="71" bec="0" bev="0" fileid="2" />
                <SequencePoint vc="1" uspid="45" ordinal="3" offset="38" sl="48" sc="9" el="48" ec="10" bec="0" bev="0" fileid="2" />
              </SequencePoints>
              <BranchPoints />
              <MethodPoint xsi:type="SequencePoint" vc="1" uspid="42" ordinal="0" offset="0" sl="44" sc="9" el="44" ec="10" bec="0" bev="0" fileid="2" />
            </Method>
            <Method visited="false" cyclomaticComplexity="1" nPathComplexity="0" sequenceCoverage="0" branchCoverage="0" crapScore="2" isConstructor="true" isStatic="false" isGetter="false" isSetter="false">
              <Summary numSequencePoints="0" visitedSequencePoints="0" numBranchPoints="0" visitedBranchPoints="0" sequenceCoverage="0" branchCoverage="0" maxCyclomaticComplexity="1" minCyclomaticComplexity="1" maxCrapScore="2" minCrapScore="2" visitedClasses="0" numClasses="0" visitedMethods="0" numMethods="0" />
              <MetadataToken>100663307</MetadataToken>
              <Name>System.Void ControleTarefas.Testes.TarefaTestes::.ctor()</Name>
              <SequencePoints />
              <BranchPoints />
              <MethodPoint vc="0" uspid="46" ordinal="0" offset="0" />
            </Method>
          </Methods>
        </Class>
      </Classes>
    </Module>
    <Module hash="A2-D2-69-36-80-FE-E8-17-10-1E-1E-49-4A-3F-E6-C7-65-06-77-B1">
      <Summary numSequencePoints="577" visitedSequencePoints="55" numBranchPoints="186" visitedBranchPoints="41" sequenceCoverage="9.53" branchCoverage="22.04" maxCyclomaticComplexity="13" minCyclomaticComplexity="1" maxCrapScore="182" minCrapScore="1" visitedClasses="2" numClasses="12" visitedMethods="22" numMethods="68" />
      <ModulePath>C:\Users\Carlos\source\repos\ControleTarefas\ControleTarefas.Testes\bin\Debug\fine-code-coverage\build-output\BancoDeDados.ConsoleApp.exe</ModulePath>
      <ModuleTime>2021-06-21T23:18:46.4917026Z</ModuleTime>
      <ModuleName>BancoDeDados.ConsoleApp</ModuleName>
      <Files>
        <File uid="5" fullPath="C:\Users\Carlos\source\repos\ControleTarefas\BancoDeDados.ConsoleApp\Controladores\ControladorTarefa.cs" />
        <File uid="6" fullPath="C:\Users\Carlos\source\repos\ControleTarefas\BancoDeDados.ConsoleApp\Program.cs" />
        <File uid="7" fullPath="C:\Users\Carlos\source\repos\ControleTarefas\BancoDeDados.ConsoleApp\Dominio\Tarefa.cs" />
        <File uid="8" fullPath="C:\Users\Carlos\source\repos\ControleTarefas\BancoDeDados.ConsoleApp\Telas\TelaBase.cs" />
        <File uid="9" fullPath="C:\Users\Carlos\source\repos\ControleTarefas\BancoDeDados.ConsoleApp\Telas\TelaPrincipal.cs" />
        <File uid="10" fullPath="C:\Users\Carlos\source\repos\ControleTarefas\BancoDeDados.ConsoleApp\Telas\TelaTarefa.cs" />
        <File uid="12" fullPath="C:\Users\Carlos\source\repos\ControleTarefas\BancoDeDados.ConsoleApp\Telas\TelaCadastros.cs" />
        <File uid="13" fullPath="C:\Users\Carlos\source\repos\ControleTarefas\BancoDeDados.ConsoleApp\Telas\TelaContato.cs" />
        <File uid="14" fullPath="C:\Users\Carlos\source\repos\ControleTarefas\BancoDeDados.ConsoleApp\Dominio\Contato.cs" />
        <File uid="15" fullPath="C:\Users\Carlos\source\repos\ControleTarefas\BancoDeDados.ConsoleApp\Dominio\EntidadeBase.cs" />
        <File uid="16" fullPath="C:\Users\Carlos\source\repos\ControleTarefas\BancoDeDados.ConsoleApp\Controladores\ControladorContato.cs" />
      </Files>
      <Classes>
        <Class>
          <Summary numSequencePoints="95" visitedSequencePoints="0" numBranchPoints="9" visitedBranchPoints="0" sequenceCoverage="0" branchCoverage="0" maxCyclomaticComplexity="2" minCyclomaticComplexity="1" maxCrapScore="6" minCrapScore="2" visitedClasses="0" numClasses="1" visitedMethods="0" numMethods="5" />
          <FullName>BancoDeDados.ConsoleApp.ControladorTarefa</FullName>
          <Methods>
            <Method visited="false" cyclomaticComplexity="2" nPathComplexity="2" sequenceCoverage="0" branchCoverage="0" crapScore="6" isConstructor="false" isStatic="false" isGetter="false" isSetter="false">
              <Summary numSequencePoints="25" visitedSequencePoints="0" numBranchPoints="3" visitedBranchPoints="0" sequenceCoverage="0" branchCoverage="0" maxCyclomaticComplexity="2" minCyclomaticComplexity="2" maxCrapScore="6" minCrapScore="6" visitedClasses="0" numClasses="0" visitedMethods="0" numMethods="1" />
              <MetadataToken>100663297</MetadataToken>
              <Name>System.Collections.Generic.List`1&lt;BancoDeDados.ConsoleApp.Tarefa&gt; BancoDeDados.ConsoleApp.ControladorTarefa::ObterTodasTarefas()</Name>
              <FileRef uid="5" />
              <SequencePoints>
                <SequencePoint vc="0" uspid="47" ordinal="0" offset="0" sl="67" sc="9" el="67" ec="10" bec="0" bev="0" fileid="5" />
                <SequencePoint vc="0" uspid="48" ordinal="1" offset="1" sl="68" sc="13" el="68" ec="65" bec="0" bev="0" fileid="5" />
                <SequencePoint vc="0" uspid="49" ordinal="2" offset="7" sl="69" sc="13" el="69" ec="67" bec="0" bev="0" fileid="5" />
                <SequencePoint vc="0" uspid="50" ordinal="3" offset="19" sl="70" sc="13" el="70" ec="36" bec="0" bev="0" fileid="5" />
                <SequencePoint vc="0" uspid="51" ordinal="4" offset="26" sl="72" sc="13" el="72" ec="58" bec="0" bev="0" fileid="5" />
                <SequencePoint vc="0" uspid="52" ordinal="5" offset="32" sl="73" sc="13" el="73" ec="57" bec="0" bev="0" fileid="5" />
                <SequencePoint vc="0" uspid="53" ordinal="6" offset="40" sl="75" sc="13" el="75" ec="61" bec="0" bev="0" fileid="5" />
                <SequencePoint vc="0" uspid="54" ordinal="7" offset="52" sl="77" sc="13" el="77" ec="74" bec="0" bev="0" fileid="5" />
                <SequencePoint vc="0" uspid="55" ordinal="8" offset="59" sl="79" sc="13" el="79" ec="55" bec="0" bev="0" fileid="5" />
                <SequencePoint vc="0" uspid="56" ordinal="9" offset="70" sl="82" sc="13" el="82" ec="14" bec="0" bev="0" fileid="5" />
                <SequencePoint vc="0" uspid="57" ordinal="10" offset="71" sl="83" sc="17" el="83" ec="63" bec="0" bev="0" fileid="5" />
                <SequencePoint vc="0" uspid="58" ordinal="11" offset="89" sl="84" sc="17" el="84" ec="73" bec="0" bev="0" fileid="5" />
                <SequencePoint vc="0" uspid="59" ordinal="12" offset="107" sl="85" sc="17" el="85" ec="79" bec="0" bev="0" fileid="5" />
                <SequencePoint vc="0" uspid="60" ordinal="13" offset="125" sl="86" sc="17" el="86" ec="89" bec="0" bev="0" fileid="5" />
                <SequencePoint vc="0" uspid="61" ordinal="14" offset="143" sl="87" sc="17" el="87" ec="93" bec="0" bev="0" fileid="5" />
                <SequencePoint vc="0" uspid="62" ordinal="15" offset="161" sl="88" sc="17" el="88" ec="97" bec="0" bev="0" fileid="5" />
                <SequencePoint vc="0" uspid="63" ordinal="16" offset="179" sl="90" sc="17" el="90" ec="92" bec="0" bev="0" fileid="5" />
                <SequencePoint vc="0" uspid="64" ordinal="17" offset="194" sl="91" sc="17" el="91" ec="50" bec="0" bev="0" fileid="5" />
                <SequencePoint vc="0" uspid="65" ordinal="18" offset="204" sl="92" sc="17" el="92" ec="28" bec="0" bev="0" fileid="5" />
                <SequencePoint vc="0" uspid="66" ordinal="19" offset="214" sl="94" sc="17" el="94" ec="33" bec="0" bev="0" fileid="5" />
                <SequencePoint vc="0" uspid="67" ordinal="20" offset="223" sl="95" sc="13" el="95" ec="14" bec="0" bev="0" fileid="5" />
                <SequencePoint vc="0" uspid="68" ordinal="21" offset="224" sl="81" sc="13" el="81" ec="41" bec="2" bev="0" fileid="5" />
                <SequencePoint vc="0" uspid="69" ordinal="22" offset="239" sl="97" sc="13" el="97" ec="37" bec="0" bev="0" fileid="5" />
                <SequencePoint vc="0" uspid="70" ordinal="23" offset="246" sl="99" sc="13" el="99" ec="28" bec="0" bev="0" fileid="5" />
                <SequencePoint vc="0" uspid="71" ordinal="24" offset="251" sl="100" sc="9" el="100" ec="10" bec="0" bev="0" fileid="5" />
              </SequencePoints>
              <BranchPoints>
                <BranchPoint vc="0" uspid="72" ordinal="0" offset="234" sl="81" path="0" offsetend="239" fileid="5" />
                <BranchPoint vc="0" uspid="73" ordinal="1" offset="234" sl="81" path="1" offsetend="70" fileid="5" />
              </BranchPoints>
              <MethodPoint xsi:type="SequencePoint" vc="0" uspid="47" ordinal="0" offset="0" sl="67" sc="9" el="67" ec="10" bec="0" bev="0" fileid="5" />
            </Method>
            <Method visited="false" cyclomaticComplexity="1" nPathComplexity="0" sequenceCoverage="0" branchCoverage="0" crapScore="2" isConstructor="false" isStatic="false" isGetter="false" isSetter="false">
              <Summary numSequencePoints="21" visitedSequencePoints="0" numBranchPoints="1" visitedBranchPoints="0" sequenceCoverage="0" branchCoverage="0" maxCyclomaticComplexity="1" minCyclomaticComplexity="1" maxCrapScore="2" minCrapScore="2" visitedClasses="0" numClasses="0" visitedMethods="0" numMethods="1" />
              <MetadataToken>100663298</MetadataToken>
              <Name>System.String BancoDeDados.ConsoleApp.ControladorTarefa::InserirNovo(BancoDeDados.ConsoleApp.Tarefa)</Name>
              <FileRef uid="5" />
              <SequencePoints>
                <SequencePoint vc="0" uspid="74" ordinal="0" offset="0" sl="103" sc="9" el="103" ec="10" bec="0" bev="0" fileid="5" />
                <SequencePoint vc="0" uspid="75" ordinal="1" offset="1" sl="104" sc="13" el="104" ec="65" bec="0" bev="0" fileid="5" />
                <SequencePoint vc="0" uspid="76" ordinal="2" offset="7" sl="105" sc="13" el="105" ec="67" bec="0" bev="0" fileid="5" />
                <SequencePoint vc="0" uspid="77" ordinal="3" offset="19" sl="106" sc="13" el="106" ec="36" bec="0" bev="0" fileid="5" />
                <SequencePoint vc="0" uspid="78" ordinal="4" offset="26" sl="108" sc="13" el="108" ec="59" bec="0" bev="0" fileid="5" />
                <SequencePoint vc="0" uspid="79" ordinal="5" offset="32" sl="109" sc="13" el="109" ec="58" bec="0" bev="0" fileid="5" />
                <SequencePoint vc="0" uspid="80" ordinal="6" offset="40" sl="111" sc="13" el="111" ec="54" bec="0" bev="0" fileid="5" />
                <SequencePoint vc="0" uspid="81" ordinal="7" offset="52" sl="113" sc="13" el="113" ec="14" bec="0" bev="0" fileid="5" />
                <SequencePoint vc="0" uspid="82" ordinal="8" offset="53" sl="114" sc="17" el="114" ec="82" bec="0" bev="0" fileid="5" />
                <SequencePoint vc="0" uspid="83" ordinal="9" offset="76" sl="115" sc="17" el="115" ec="90" bec="0" bev="0" fileid="5" />
                <SequencePoint vc="0" uspid="84" ordinal="10" offset="104" sl="116" sc="17" el="116" ec="92" bec="0" bev="0" fileid="5" />
                <SequencePoint vc="0" uspid="85" ordinal="11" offset="132" sl="117" sc="17" el="117" ec="96" bec="0" bev="0" fileid="5" />
                <SequencePoint vc="0" uspid="86" ordinal="12" offset="160" sl="118" sc="17" el="118" ec="108" bec="0" bev="0" fileid="5" />
                <SequencePoint vc="0" uspid="87" ordinal="13" offset="188" sl="120" sc="17" el="120" ec="61" bec="0" bev="0" fileid="5" />
                <SequencePoint vc="0" uspid="88" ordinal="14" offset="195" sl="122" sc="17" el="122" ec="49" bec="0" bev="0" fileid="5" />
                <SequencePoint vc="0" uspid="89" ordinal="15" offset="208" sl="124" sc="17" el="124" ec="41" bec="0" bev="0" fileid="5" />
                <SequencePoint vc="0" uspid="90" ordinal="16" offset="215" sl="125" sc="17" el="125" ec="50" bec="0" bev="0" fileid="5" />
                <SequencePoint vc="0" uspid="91" ordinal="17" offset="223" sl="127" sc="13" el="127" ec="18" bec="0" bev="0" fileid="5" />
                <SequencePoint vc="0" uspid="92" ordinal="18" offset="224" sl="128" sc="13" el="128" ec="14" bec="0" bev="0" fileid="5" />
                <SequencePoint vc="0" uspid="93" ordinal="19" offset="225" sl="129" sc="17" el="129" ec="45" bec="0" bev="0" fileid="5" />
                <SequencePoint vc="0" uspid="94" ordinal="20" offset="233" sl="131" sc="9" el="131" ec="10" bec="0" bev="0" fileid="5" />
              </SequencePoints>
              <BranchPoints />
              <MethodPoint xsi:type="SequencePoint" vc="0" uspid="74" ordinal="0" offset="0" sl="103" sc="9" el="103" ec="10" bec="0" bev="0" fileid="5" />
            </Method>
            <Method visited="false" cyclomaticComplexity="2" nPathComplexity="2" sequenceCoverage="0" branchCoverage="0" crapScore="6" isConstructor="false" isStatic="false" isGetter="false" isSetter="false">
              <Summary numSequencePoints="23" visitedSequencePoints="0" numBranchPoints="3" visitedBranchPoints="0" sequenceCoverage="0" branchCoverage="0" maxCyclomaticComplexity="2" minCyclomaticComplexity="2" maxCrapScore="6" minCrapScore="6" visitedClasses="0" numClasses="0" visitedMethods="0" numMethods="1" />
              <MetadataToken>100663299</MetadataToken>
              <Name>BancoDeDados.ConsoleApp.Tarefa BancoDeDados.ConsoleApp.ControladorTarefa::SelecionarRegistroPorId(System.Int32)</Name>
              <FileRef uid="5" />
              <SequencePoints>
                <SequencePoint vc="0" uspid="95" ordinal="0" offset="0" sl="134" sc="9" el="134" ec="10" bec="0" bev="0" fileid="5" />
                <SequencePoint vc="0" uspid="96" ordinal="1" offset="1" sl="135" sc="13" el="135" ec="65" bec="0" bev="0" fileid="5" />
                <SequencePoint vc="0" uspid="97" ordinal="2" offset="7" sl="136" sc="13" el="136" ec="67" bec="0" bev="0" fileid="5" />
                <SequencePoint vc="0" uspid="98" ordinal="3" offset="19" sl="137" sc="13" el="137" ec="36" bec="0" bev="0" fileid="5" />
                <SequencePoint vc="0" uspid="99" ordinal="4" offset="26" sl="139" sc="13" el="139" ec="58" bec="0" bev="0" fileid="5" />
                <SequencePoint vc="0" uspid="100" ordinal="5" offset="32" sl="140" sc="13" el="140" ec="57" bec="0" bev="0" fileid="5" />
                <SequencePoint vc="0" uspid="101" ordinal="6" offset="40" sl="142" sc="13" el="142" ec="61" bec="0" bev="0" fileid="5" />
                <SequencePoint vc="0" uspid="102" ordinal="7" offset="52" sl="143" sc="13" el="143" ec="72" bec="0" bev="0" fileid="5" />
                <SequencePoint vc="0" uspid="103" ordinal="8" offset="75" sl="145" sc="13" el="145" ec="74" bec="0" bev="0" fileid="5" />
                <SequencePoint vc="0" uspid="104" ordinal="9" offset="82" sl="147" sc="13" el="147" ec="47" bec="2" bev="0" fileid="5" />
                <SequencePoint vc="0" uspid="105" ordinal="10" offset="97" sl="148" sc="17" el="148" ec="29" bec="0" bev="0" fileid="5" />
                <SequencePoint vc="0" uspid="106" ordinal="11" offset="105" sl="150" sc="13" el="150" ec="59" bec="0" bev="0" fileid="5" />
                <SequencePoint vc="0" uspid="107" ordinal="12" offset="122" sl="151" sc="13" el="151" ec="69" bec="0" bev="0" fileid="5" />
                <SequencePoint vc="0" uspid="108" ordinal="13" offset="140" sl="152" sc="13" el="152" ec="75" bec="0" bev="0" fileid="5" />
                <SequencePoint vc="0" uspid="109" ordinal="14" offset="158" sl="153" sc="13" el="153" ec="85" bec="0" bev="0" fileid="5" />
                <SequencePoint vc="0" uspid="110" ordinal="15" offset="176" sl="154" sc="13" el="154" ec="89" bec="0" bev="0" fileid="5" />
                <SequencePoint vc="0" uspid="111" ordinal="16" offset="194" sl="155" sc="13" el="155" ec="84" bec="0" bev="0" fileid="5" />
                <SequencePoint vc="0" uspid="112" ordinal="17" offset="212" sl="157" sc="13" el="157" ec="88" bec="0" bev="0" fileid="5" />
                <SequencePoint vc="0" uspid="113" ordinal="18" offset="227" sl="158" sc="13" el="158" ec="46" bec="0" bev="0" fileid="5" />
                <SequencePoint vc="0" uspid="114" ordinal="19" offset="237" sl="159" sc="13" el="159" ec="24" bec="0" bev="0" fileid="5" />
                <SequencePoint vc="0" uspid="115" ordinal="20" offset="246" sl="161" sc="13" el="161" ec="37" bec="0" bev="0" fileid="5" />
                <SequencePoint vc="0" uspid="116" ordinal="21" offset="253" sl="163" sc="13" el="163" ec="23" bec="0" bev="0" fileid="5" />
                <SequencePoint vc="0" uspid="117" ordinal="22" offset="259" sl="164" sc="9" el="164" ec="10" bec="0" bev="0" fileid="5" />
              </SequencePoints>
              <BranchPoints>
                <BranchPoint vc="0" uspid="118" ordinal="0" offset="95" sl="147" path="0" offsetend="97" fileid="5" />
                <BranchPoint vc="0" uspid="119" ordinal="1" offset="95" sl="147" path="1" offsetend="105" fileid="5" />
              </BranchPoints>
              <MethodPoint xsi:type="SequencePoint" vc="0" uspid="95" ordinal="0" offset="0" sl="134" sc="9" el="134" ec="10" bec="0" bev="0" fileid="5" />
            </Method>
            <Method visited="false" cyclomaticComplexity="1" nPathComplexity="0" sequenceCoverage="0" branchCoverage="0" crapScore="2" isConstructor="false" isStatic="false" isGetter="false" isSetter="false">
              <Summary numSequencePoints="15" visitedSequencePoints="0" numBranchPoints="1" visitedBranchPoints="0" sequenceCoverage="0" branchCoverage="0" maxCyclomaticComplexity="1" minCyclomaticComplexity="1" maxCrapScore="2" minCrapScore="2" visitedClasses="0" numClasses="0" visitedMethods="0" numMethods="1" />
              <MetadataToken>100663300</MetadataToken>
              <Name>System.Void BancoDeDados.ConsoleApp.ControladorTarefa::EditarRegistro(System.Int32,BancoDeDados.ConsoleApp.Tarefa)</Name>
              <FileRef uid="5" />
              <SequencePoints>
                <SequencePoint vc="0" uspid="120" ordinal="0" offset="0" sl="167" sc="9" el="167" ec="10" bec="0" bev="0" fileid="5" />
                <SequencePoint vc="0" uspid="121" ordinal="1" offset="1" sl="168" sc="13" el="168" ec="65" bec="0" bev="0" fileid="5" />
                <SequencePoint vc="0" uspid="122" ordinal="2" offset="7" sl="169" sc="13" el="169" ec="67" bec="0" bev="0" fileid="5" />
                <SequencePoint vc="0" uspid="123" ordinal="3" offset="19" sl="170" sc="13" el="170" ec="36" bec="0" bev="0" fileid="5" />
                <SequencePoint vc="0" uspid="124" ordinal="4" offset="26" sl="172" sc="13" el="172" ec="62" bec="0" bev="0" fileid="5" />
                <SequencePoint vc="0" uspid="125" ordinal="5" offset="32" sl="173" sc="13" el="173" ec="61" bec="0" bev="0" fileid="5" />
                <SequencePoint vc="0" uspid="126" ordinal="6" offset="40" sl="175" sc="13" el="175" ec="56" bec="0" bev="0" fileid="5" />
                <SequencePoint vc="0" uspid="127" ordinal="7" offset="52" sl="177" sc="13" el="177" ec="81" bec="0" bev="0" fileid="5" />
                <SequencePoint vc="0" uspid="128" ordinal="8" offset="75" sl="178" sc="13" el="178" ec="89" bec="0" bev="0" fileid="5" />
                <SequencePoint vc="0" uspid="129" ordinal="9" offset="103" sl="179" sc="13" el="179" ec="95" bec="0" bev="0" fileid="5" />
                <SequencePoint vc="0" uspid="130" ordinal="10" offset="131" sl="180" sc="13" el="180" ec="107" bec="0" bev="0" fileid="5" />
                <SequencePoint vc="0" uspid="131" ordinal="11" offset="159" sl="181" sc="13" el="181" ec="77" bec="0" bev="0" fileid="5" />
                <SequencePoint vc="0" uspid="132" ordinal="12" offset="182" sl="183" sc="13" el="183" ec="50" bec="0" bev="0" fileid="5" />
                <SequencePoint vc="0" uspid="133" ordinal="13" offset="189" sl="185" sc="13" el="185" ec="37" bec="0" bev="0" fileid="5" />
                <SequencePoint vc="0" uspid="134" ordinal="14" offset="196" sl="186" sc="9" el="186" ec="10" bec="0" bev="0" fileid="5" />
              </SequencePoints>
              <BranchPoints />
              <MethodPoint xsi:type="SequencePoint" vc="0" uspid="120" ordinal="0" offset="0" sl="167" sc="9" el="167" ec="10" bec="0" bev="0" fileid="5" />
            </Method>
            <Method visited="false" cyclomaticComplexity="1" nPathComplexity="0" sequenceCoverage="0" branchCoverage="0" crapScore="2" isConstructor="false" isStatic="false" isGetter="false" isSetter="false">
              <Summary numSequencePoints="11" visitedSequencePoints="0" numBranchPoints="1" visitedBranchPoints="0" sequenceCoverage="0" branchCoverage="0" maxCyclomaticComplexity="1" minCyclomaticComplexity="1" maxCrapScore="2" minCrapScore="2" visitedClasses="0" numClasses="0" visitedMethods="0" numMethods="1" />
              <MetadataToken>100663301</MetadataToken>
              <Name>System.Void BancoDeDados.ConsoleApp.ControladorTarefa::ExcluirRegistro(System.Int32)</Name>
              <FileRef uid="5" />
              <SequencePoints>
                <SequencePoint vc="0" uspid="135" ordinal="0" offset="0" sl="189" sc="9" el="189" ec="10" bec="0" bev="0" fileid="5" />
                <SequencePoint vc="0" uspid="136" ordinal="1" offset="1" sl="190" sc="13" el="190" ec="65" bec="0" bev="0" fileid="5" />
                <SequencePoint vc="0" uspid="137" ordinal="2" offset="7" sl="191" sc="13" el="191" ec="67" bec="0" bev="0" fileid="5" />
                <SequencePoint vc="0" uspid="138" ordinal="3" offset="19" sl="192" sc="13" el="192" ec="36" bec="0" bev="0" fileid="5" />
                <SequencePoint vc="0" uspid="139" ordinal="4" offset="26" sl="194" sc="13" el="194" ec="58" bec="0" bev="0" fileid="5" />
                <SequencePoint vc="0" uspid="140" ordinal="5" offset="32" sl="195" sc="13" el="195" ec="57" bec="0" bev="0" fileid="5" />
                <SequencePoint vc="0" uspid="141" ordinal="6" offset="40" sl="197" sc="13" el="197" ec="53" bec="0" bev="0" fileid="5" />
                <SequencePoint vc="0" uspid="142" ordinal="7" offset="52" sl="199" sc="13" el="199" ec="62" bec="0" bev="0" fileid="5" />
                <SequencePoint vc="0" uspid="143" ordinal="8" offset="75" sl="201" sc="13" el="201" ec="46" bec="0" bev="0" fileid="5" />
                <SequencePoint vc="0" uspid="144" ordinal="9" offset="82" sl="203" sc="13" el="203" ec="37" bec="0" bev="0" fileid="5" />
                <SequencePoint vc="0" uspid="145" ordinal="10" offset="89" sl="204" sc="9" el="204" ec="10" bec="0" bev="0" fileid="5" />
              </SequencePoints>
              <BranchPoints />
              <MethodPoint xsi:type="SequencePoint" vc="0" uspid="135" ordinal="0" offset="0" sl="189" sc="9" el="189" ec="10" bec="0" bev="0" fileid="5" />
            </Method>
            <Method visited="false" cyclomaticComplexity="1" nPathComplexity="0" sequenceCoverage="0" branchCoverage="0" crapScore="2" isConstructor="true" isStatic="false" isGetter="false" isSetter="false">
              <Summary numSequencePoints="0" visitedSequencePoints="0" numBranchPoints="0" visitedBranchPoints="0" sequenceCoverage="0" branchCoverage="0" maxCyclomaticComplexity="1" minCyclomaticComplexity="1" maxCrapScore="2" minCrapScore="2" visitedClasses="0" numClasses="0" visitedMethods="0" numMethods="0" />
              <MetadataToken>100663302</MetadataToken>
              <Name>System.Void BancoDeDados.ConsoleApp.ControladorTarefa::.ctor()</Name>
              <SequencePoints />
              <BranchPoints />
              <MethodPoint vc="0" uspid="146" ordinal="0" offset="0" />
            </Method>
          </Methods>
        </Class>
        <Class>
          <Summary numSequencePoints="42" visitedSequencePoints="0" numBranchPoints="26" visitedBranchPoints="0" sequenceCoverage="0" branchCoverage="0" maxCyclomaticComplexity="13" minCyclomaticComplexity="1" maxCrapScore="182" minCrapScore="2" visitedClasses="0" numClasses="1" visitedMethods="0" numMethods="2" />
          <FullName>BancoDeDados.ConsoleApp.Program</FullName>
          <Methods>
            <Method visited="false" cyclomaticComplexity="13" nPathComplexity="4096" sequenceCoverage="0" branchCoverage="0" crapScore="182" isConstructor="false" isStatic="true" isGetter="false" isSetter="false">
              <Summary numSequencePoints="41" visitedSequencePoints="0" numBranchPoints="25" visitedBranchPoints="0" sequenceCoverage="0" branchCoverage="0" maxCyclomaticComplexity="13" minCyclomaticComplexity="13" maxCrapScore="182" minCrapScore="182" visitedClasses="0" numClasses="0" visitedMethods="0" numMethods="1" />
              <MetadataToken>100663303</MetadataToken>
              <Name>System.Void BancoDeDados.ConsoleApp.Program::Main(System.String[])</Name>
              <FileRef uid="6" />
              <SequencePoints>
                <SequencePoint vc="0" uspid="147" ordinal="0" offset="0" sl="15" sc="9" el="15" ec="10" bec="0" bev="0" fileid="6" />
                <SequencePoint vc="0" uspid="148" ordinal="1" offset="6" sl="17" sc="13" el="17" ec="14" bec="0" bev="0" fileid="6" />
                <SequencePoint vc="0" uspid="149" ordinal="2" offset="7" sl="18" sc="17" el="18" ec="70" bec="0" bev="0" fileid="6" />
                <SequencePoint vc="0" uspid="150" ordinal="3" offset="18" sl="20" sc="17" el="20" ec="45" bec="2" bev="0" fileid="6" />
                <SequencePoint vc="0" uspid="151" ordinal="4" offset="26" sl="21" sc="21" el="21" ec="27" bec="0" bev="0" fileid="6" />
                <SequencePoint vc="0" uspid="152" ordinal="5" offset="31" sl="23" sc="17" el="23" ec="33" bec="0" bev="0" fileid="6" />
                <SequencePoint vc="0" uspid="153" ordinal="6" offset="37" sl="25" sc="17" el="25" ec="61" bec="0" bev="0" fileid="6" />
                <SequencePoint vc="0" uspid="154" ordinal="7" offset="44" sl="27" sc="17" el="27" ec="75" bec="2" bev="0" fileid="6" />
                <SequencePoint vc="0" uspid="155" ordinal="8" offset="60" sl="28" sc="21" el="28" ec="30" bec="0" bev="0" fileid="6" />
                <SequencePoint vc="0" uspid="156" ordinal="9" offset="65" sl="30" sc="17" el="30" ec="51" bec="2" bev="0" fileid="6" />
                <SequencePoint vc="0" uspid="157" ordinal="10" offset="80" sl="31" sc="17" el="31" ec="18" bec="0" bev="0" fileid="6" />
                <SequencePoint vc="0" uspid="158" ordinal="11" offset="81" sl="32" sc="21" el="32" ec="73" bec="0" bev="0" fileid="6" />
                <SequencePoint vc="0" uspid="159" ordinal="12" offset="89" sl="34" sc="21" el="34" ec="38" bec="2" bev="0" fileid="6" />
                <SequencePoint vc="0" uspid="160" ordinal="13" offset="106" sl="35" sc="25" el="35" ec="58" bec="0" bev="0" fileid="6" />
                <SequencePoint vc="0" uspid="161" ordinal="14" offset="116" sl="37" sc="26" el="37" ec="43" bec="2" bev="0" fileid="6" />
                <SequencePoint vc="0" uspid="162" ordinal="15" offset="133" sl="38" sc="25" el="38" ec="56" bec="0" bev="0" fileid="6" />
                <SequencePoint vc="0" uspid="163" ordinal="16" offset="143" sl="40" sc="26" el="40" ec="43" bec="2" bev="0" fileid="6" />
                <SequencePoint vc="0" uspid="164" ordinal="17" offset="160" sl="41" sc="25" el="41" ec="53" bec="0" bev="0" fileid="6" />
                <SequencePoint vc="0" uspid="165" ordinal="18" offset="170" sl="43" sc="26" el="43" ec="43" bec="2" bev="0" fileid="6" />
                <SequencePoint vc="0" uspid="166" ordinal="19" offset="187" sl="44" sc="25" el="44" ec="54" bec="0" bev="0" fileid="6" />
                <SequencePoint vc="0" uspid="167" ordinal="20" offset="195" sl="45" sc="17" el="45" ec="18" bec="0" bev="0" fileid="6" />
                <SequencePoint vc="0" uspid="168" ordinal="21" offset="201" sl="46" sc="22" el="46" ec="58" bec="2" bev="0" fileid="6" />
                <SequencePoint vc="0" uspid="169" ordinal="22" offset="219" sl="47" sc="17" el="47" ec="18" bec="0" bev="0" fileid="6" />
                <SequencePoint vc="0" uspid="170" ordinal="23" offset="220" sl="48" sc="21" el="48" ec="71" bec="0" bev="0" fileid="6" />
                <SequencePoint vc="0" uspid="171" ordinal="24" offset="228" sl="50" sc="21" el="50" ec="38" bec="2" bev="0" fileid="6" />
                <SequencePoint vc="0" uspid="172" ordinal="25" offset="245" sl="51" sc="25" el="51" ec="52" bec="0" bev="0" fileid="6" />
                <SequencePoint vc="0" uspid="173" ordinal="26" offset="255" sl="53" sc="26" el="53" ec="43" bec="2" bev="0" fileid="6" />
                <SequencePoint vc="0" uspid="174" ordinal="27" offset="272" sl="54" sc="21" el="54" ec="22" bec="0" bev="0" fileid="6" />
                <SequencePoint vc="0" uspid="175" ordinal="28" offset="273" sl="55" sc="25" el="55" ec="41" bec="0" bev="0" fileid="6" />
                <SequencePoint vc="0" uspid="176" ordinal="29" offset="279" sl="56" sc="25" el="56" ec="52" bec="0" bev="0" fileid="6" />
                <SequencePoint vc="0" uspid="177" ordinal="30" offset="287" sl="57" sc="25" el="57" ec="44" bec="0" bev="0" fileid="6" />
                <SequencePoint vc="0" uspid="178" ordinal="31" offset="293" sl="58" sc="21" el="58" ec="22" bec="0" bev="0" fileid="6" />
                <SequencePoint vc="0" uspid="179" ordinal="32" offset="296" sl="61" sc="26" el="61" ec="43" bec="2" bev="0" fileid="6" />
                <SequencePoint vc="0" uspid="180" ordinal="33" offset="313" sl="62" sc="25" el="62" ec="47" bec="0" bev="0" fileid="6" />
                <SequencePoint vc="0" uspid="181" ordinal="34" offset="323" sl="64" sc="26" el="64" ec="43" bec="2" bev="0" fileid="6" />
                <SequencePoint vc="0" uspid="182" ordinal="35" offset="340" sl="65" sc="25" el="65" ec="48" bec="0" bev="0" fileid="6" />
                <SequencePoint vc="0" uspid="183" ordinal="36" offset="348" sl="66" sc="17" el="66" ec="18" bec="0" bev="0" fileid="6" />
                <SequencePoint vc="0" uspid="184" ordinal="37" offset="349" sl="67" sc="17" el="67" ec="33" bec="0" bev="0" fileid="6" />
                <SequencePoint vc="0" uspid="185" ordinal="38" offset="355" sl="68" sc="13" el="68" ec="14" bec="0" bev="0" fileid="6" />
                <SequencePoint vc="0" uspid="186" ordinal="39" offset="356" sl="16" sc="13" el="16" ec="25" bec="0" bev="0" fileid="6" />
                <SequencePoint vc="0" uspid="187" ordinal="40" offset="364" sl="69" sc="9" el="69" ec="10" bec="0" bev="0" fileid="6" />
              </SequencePoints>
              <BranchPoints>
                <BranchPoint vc="0" uspid="188" ordinal="0" offset="24" sl="20" path="0" offsetchain="26" offsetend="364" fileid="6" />
                <BranchPoint vc="0" uspid="189" ordinal="1" offset="24" sl="20" path="1" offsetend="31" fileid="6" />
                <BranchPoint vc="0" uspid="190" ordinal="2" offset="58" sl="27" path="0" offsetchain="60" offsetend="356" fileid="6" />
                <BranchPoint vc="0" uspid="191" ordinal="3" offset="58" sl="27" path="1" offsetend="65" fileid="6" />
                <BranchPoint vc="0" uspid="192" ordinal="4" offset="78" sl="30" path="0" offsetend="80" fileid="6" />
                <BranchPoint vc="0" uspid="193" ordinal="5" offset="78" sl="30" path="1" offsetend="201" fileid="6" />
                <BranchPoint vc="0" uspid="194" ordinal="6" offset="104" sl="34" path="0" offsetend="106" fileid="6" />
                <BranchPoint vc="0" uspid="195" ordinal="7" offset="104" sl="34" path="1" offsetend="116" fileid="6" />
                <BranchPoint vc="0" uspid="196" ordinal="8" offset="131" sl="37" path="0" offsetend="133" fileid="6" />
                <BranchPoint vc="0" uspid="197" ordinal="9" offset="131" sl="37" path="1" offsetend="143" fileid="6" />
                <BranchPoint vc="0" uspid="198" ordinal="10" offset="158" sl="40" path="0" offsetend="160" fileid="6" />
                <BranchPoint vc="0" uspid="199" ordinal="11" offset="158" sl="40" path="1" offsetend="170" fileid="6" />
                <BranchPoint vc="0" uspid="200" ordinal="12" offset="185" sl="43" path="0" offsetend="187" fileid="6" />
                <BranchPoint vc="0" uspid="201" ordinal="13" offset="185" sl="43" path="1" offsetend="195" fileid="6" />
                <BranchPoint vc="0" uspid="202" ordinal="14" offset="214" sl="46" path="0" offsetend="219" fileid="6" />
                <BranchPoint vc="0" uspid="203" ordinal="15" offset="214" sl="46" path="1" offsetend="349" fileid="6" />
                <BranchPoint vc="0" uspid="204" ordinal="16" offset="243" sl="50" path="0" offsetend="245" fileid="6" />
                <BranchPoint vc="0" uspid="205" ordinal="17" offset="243" sl="50" path="1" offsetend="255" fileid="6" />
                <BranchPoint vc="0" uspid="206" ordinal="18" offset="270" sl="53" path="0" offsetend="272" fileid="6" />
                <BranchPoint vc="0" uspid="207" ordinal="19" offset="270" sl="53" path="1" offsetend="296" fileid="6" />
                <BranchPoint vc="0" uspid="208" ordinal="20" offset="311" sl="61" path="0" offsetend="313" fileid="6" />
                <BranchPoint vc="0" uspid="209" ordinal="21" offset="311" sl="61" path="1" offsetend="323" fileid="6" />
                <BranchPoint vc="0" uspid="210" ordinal="22" offset="338" sl="64" path="0" offsetend="340" fileid="6" />
                <BranchPoint vc="0" uspid="211" ordinal="23" offset="338" sl="64" path="1" offsetend="348" fileid="6" />
              </BranchPoints>
              <MethodPoint xsi:type="SequencePoint" vc="0" uspid="147" ordinal="0" offset="0" sl="15" sc="9" el="15" ec="10" bec="0" bev="0" fileid="6" />
            </Method>
            <Method visited="false" cyclomaticComplexity="1" nPathComplexity="0" sequenceCoverage="0" branchCoverage="0" crapScore="2" isConstructor="true" isStatic="false" isGetter="false" isSetter="false">
              <Summary numSequencePoints="0" visitedSequencePoints="0" numBranchPoints="0" visitedBranchPoints="0" sequenceCoverage="0" branchCoverage="0" maxCyclomaticComplexity="1" minCyclomaticComplexity="1" maxCrapScore="2" minCrapScore="2" visitedClasses="0" numClasses="0" visitedMethods="0" numMethods="0" />
              <MetadataToken>100663304</MetadataToken>
              <Name>System.Void BancoDeDados.ConsoleApp.Program::.ctor()</Name>
              <SequencePoints />
              <BranchPoints />
              <MethodPoint vc="0" uspid="212" ordinal="0" offset="0" />
            </Method>
            <Method visited="false" cyclomaticComplexity="1" nPathComplexity="0" sequenceCoverage="0" branchCoverage="0" crapScore="2" isConstructor="true" isStatic="true" isGetter="false" isSetter="false">
              <Summary numSequencePoints="1" visitedSequencePoints="0" numBranchPoints="1" visitedBranchPoints="0" sequenceCoverage="0" branchCoverage="0" maxCyclomaticComplexity="1" minCyclomaticComplexity="1" maxCrapScore="2" minCrapScore="2" visitedClasses="0" numClasses="0" visitedMethods="0" numMethods="1" />
              <MetadataToken>100663305</MetadataToken>
              <Name>System.Void BancoDeDados.ConsoleApp.Program::.cctor()</Name>
              <FileRef uid="6" />
              <SequencePoints>
                <SequencePoint vc="0" uspid="213" ordinal="0" offset="0" sl="12" sc="9" el="12" ec="66" bec="0" bev="0" fileid="6" />
              </SequencePoints>
              <BranchPoints />
              <MethodPoint xsi:type="SequencePoint" vc="0" uspid="213" ordinal="0" offset="0" sl="12" sc="9" el="12" ec="66" bec="0" bev="0" fileid="6" />
            </Method>
          </Methods>
        </Class>
        <Class>
          <Summary numSequencePoints="33" visitedSequencePoints="26" numBranchPoints="28" visitedBranchPoints="19" sequenceCoverage="78.79" branchCoverage="67.86" maxCyclomaticComplexity="4" minCyclomaticComplexity="1" maxCrapScore="12" minCrapScore="1" visitedClasses="1" numClasses="1" visitedMethods="11" numMethods="14" />
          <FullName>BancoDeDados.ConsoleApp.Tarefa</FullName>
          <Methods>
            <Method visited="false" cyclomaticComplexity="1" nPathComplexity="0" sequenceCoverage="0" branchCoverage="0" crapScore="2" isConstructor="false" isStatic="false" isGetter="true" isSetter="false">
              <Summary numSequencePoints="1" visitedSequencePoints="0" numBranchPoints="1" visitedBranchPoints="0" sequenceCoverage="0" branchCoverage="0" maxCyclomaticComplexity="1" minCyclomaticComplexity="1" maxCrapScore="2" minCrapScore="2" visitedClasses="0" numClasses="0" visitedMethods="0" numMethods="1" />
              <MetadataToken>100663307</MetadataToken>
              <Name>System.String BancoDeDados.ConsoleApp.Tarefa::get_titulo()</Name>
              <FileRef uid="7" />
              <SequencePoints>
                <SequencePoint vc="0" uspid="214" ordinal="0" offset="0" sl="21" sc="32" el="21" ec="36" bec="0" bev="0" fileid="7" />
              </SequencePoints>
              <BranchPoints />
              <MethodPoint xsi:type="SequencePoint" vc="0" uspid="214" ordinal="0" offset="0" sl="21" sc="32" el="21" ec="36" bec="0" bev="0" fileid="7" />
            </Method>
            <Method visited="true" cyclomaticComplexity="1" nPathComplexity="0" sequenceCoverage="100" branchCoverage="100" crapScore="1" isConstructor="false" isStatic="false" isGetter="false" isSetter="true">
              <Summary numSequencePoints="1" visitedSequencePoints="1" numBranchPoints="1" visitedBranchPoints="1" sequenceCoverage="100" branchCoverage="100" maxCyclomaticComplexity="1" minCyclomaticComplexity="1" maxCrapScore="1" minCrapScore="1" visitedClasses="0" numClasses="0" visitedMethods="1" numMethods="1" />
              <MetadataToken>100663308</MetadataToken>
              <Name>System.Void BancoDeDados.ConsoleApp.Tarefa::set_titulo(System.String)</Name>
              <FileRef uid="7" />
              <SequencePoints>
                <SequencePoint vc="5" uspid="215" ordinal="0" offset="0" sl="21" sc="37" el="21" ec="41" bec="0" bev="0" fileid="7" />
              </SequencePoints>
              <BranchPoints />
              <MethodPoint xsi:type="SequencePoint" vc="5" uspid="215" ordinal="0" offset="0" sl="21" sc="37" el="21" ec="41" bec="0" bev="0" fileid="7" />
            </Method>
            <Method visited="true" cyclomaticComplexity="1" nPathComplexity="0" sequenceCoverage="100" branchCoverage="100" crapScore="1" isConstructor="false" isStatic="false" isGetter="true" isSetter="false">
              <Summary numSequencePoints="1" visitedSequencePoints="1" numBranchPoints="1" visitedBranchPoints="1" sequenceCoverage="100" branchCoverage="100" maxCyclomaticComplexity="1" minCyclomaticComplexity="1" maxCrapScore="1" minCrapScore="1" visitedClasses="0" numClasses="0" visitedMethods="1" numMethods="1" />
              <MetadataToken>100663309</MetadataToken>
              <Name>System.Int32 BancoDeDados.ConsoleApp.Tarefa::get_prioridade()</Name>
              <FileRef uid="7" />
              <SequencePoints>
                <SequencePoint vc="5" uspid="216" ordinal="0" offset="0" sl="23" sc="33" el="23" ec="37" bec="0" bev="0" fileid="7" />
              </SequencePoints>
              <BranchPoints />
              <MethodPoint xsi:type="SequencePoint" vc="5" uspid="216" ordinal="0" offset="0" sl="23" sc="33" el="23" ec="37" bec="0" bev="0" fileid="7" />
            </Method>
            <Method visited="true" cyclomaticComplexity="1" nPathComplexity="0" sequenceCoverage="100" branchCoverage="100" crapScore="1" isConstructor="false" isStatic="false" isGetter="false" isSetter="true">
              <Summary numSequencePoints="1" visitedSequencePoints="1" numBranchPoints="1" visitedBranchPoints="1" sequenceCoverage="100" branchCoverage="100" maxCyclomaticComplexity="1" minCyclomaticComplexity="1" maxCrapScore="1" minCrapScore="1" visitedClasses="0" numClasses="0" visitedMethods="1" numMethods="1" />
              <MetadataToken>100663310</MetadataToken>
              <Name>System.Void BancoDeDados.ConsoleApp.Tarefa::set_prioridade(System.Int32)</Name>
              <FileRef uid="7" />
              <SequencePoints>
                <SequencePoint vc="5" uspid="217" ordinal="0" offset="0" sl="23" sc="38" el="23" ec="42" bec="0" bev="0" fileid="7" />
              </SequencePoints>
              <BranchPoints />
              <MethodPoint xsi:type="SequencePoint" vc="5" uspid="217" ordinal="0" offset="0" sl="23" sc="38" el="23" ec="42" bec="0" bev="0" fileid="7" />
            </Method>
            <Method visited="false" cyclomaticComplexity="1" nPathComplexity="0" sequenceCoverage="0" branchCoverage="0" crapScore="2" isConstructor="false" isStatic="false" isGetter="true" isSetter="false">
              <Summary numSequencePoints="1" visitedSequencePoints="0" numBranchPoints="1" visitedBranchPoints="0" sequenceCoverage="0" branchCoverage="0" maxCyclomaticComplexity="1" minCyclomaticComplexity="1" maxCrapScore="2" minCrapScore="2" visitedClasses="0" numClasses="0" visitedMethods="0" numMethods="1" />
              <MetadataToken>100663311</MetadataToken>
              <Name>System.DateTime BancoDeDados.ConsoleApp.Tarefa::get_dataCriacao()</Name>
              <FileRef uid="7" />
              <SequencePoints>
                <SequencePoint vc="0" uspid="218" ordinal="0" offset="0" sl="25" sc="39" el="25" ec="43" bec="0" bev="0" fileid="7" />
              </SequencePoints>
              <BranchPoints />
              <MethodPoint xsi:type="SequencePoint" vc="0" uspid="218" ordinal="0" offset="0" sl="25" sc="39" el="25" ec="43" bec="0" bev="0" fileid="7" />
            </Method>
            <Method visited="true" cyclomaticComplexity="1" nPathComplexity="0" sequenceCoverage="100" branchCoverage="100" crapScore="1" isConstructor="false" isStatic="false" isGetter="false" isSetter="true">
              <Summary numSequencePoints="1" visitedSequencePoints="1" numBranchPoints="1" visitedBranchPoints="1" sequenceCoverage="100" branchCoverage="100" maxCyclomaticComplexity="1" minCyclomaticComplexity="1" maxCrapScore="1" minCrapScore="1" visitedClasses="0" numClasses="0" visitedMethods="1" numMethods="1" />
              <MetadataToken>100663312</MetadataToken>
              <Name>System.Void BancoDeDados.ConsoleApp.Tarefa::set_dataCriacao(System.DateTime)</Name>
              <FileRef uid="7" />
              <SequencePoints>
                <SequencePoint vc="5" uspid="219" ordinal="0" offset="0" sl="25" sc="44" el="25" ec="48" bec="0" bev="0" fileid="7" />
              </SequencePoints>
              <BranchPoints />
              <MethodPoint xsi:type="SequencePoint" vc="5" uspid="219" ordinal="0" offset="0" sl="25" sc="44" el="25" ec="48" bec="0" bev="0" fileid="7" />
            </Method>
            <Method visited="true" cyclomaticComplexity="1" nPathComplexity="0" sequenceCoverage="100" branchCoverage="100" crapScore="1" isConstructor="false" isStatic="false" isGetter="true" isSetter="false">
              <Summary numSequencePoints="1" visitedSequencePoints="1" numBranchPoints="1" visitedBranchPoints="1" sequenceCoverage="100" branchCoverage="100" maxCyclomaticComplexity="1" minCyclomaticComplexity="1" maxCrapScore="1" minCrapScore="1" visitedClasses="0" numClasses="0" visitedMethods="1" numMethods="1" />
              <MetadataToken>100663313</MetadataToken>
              <Name>System.DateTime BancoDeDados.ConsoleApp.Tarefa::get_dataConclusao()</Name>
              <FileRef uid="7" />
              <SequencePoints>
                <SequencePoint vc="1" uspid="220" ordinal="0" offset="0" sl="27" sc="41" el="27" ec="45" bec="0" bev="0" fileid="7" />
              </SequencePoints>
              <BranchPoints />
              <MethodPoint xsi:type="SequencePoint" vc="1" uspid="220" ordinal="0" offset="0" sl="27" sc="41" el="27" ec="45" bec="0" bev="0" fileid="7" />
            </Method>
            <Method visited="true" cyclomaticComplexity="1" nPathComplexity="0" sequenceCoverage="100" branchCoverage="100" crapScore="1" isConstructor="false" isStatic="false" isGetter="false" isSetter="true">
              <Summary numSequencePoints="1" visitedSequencePoints="1" numBranchPoints="1" visitedBranchPoints="1" sequenceCoverage="100" branchCoverage="100" maxCyclomaticComplexity="1" minCyclomaticComplexity="1" maxCrapScore="1" minCrapScore="1" visitedClasses="0" numClasses="0" visitedMethods="1" numMethods="1" />
              <MetadataToken>100663314</MetadataToken>
              <Name>System.Void BancoDeDados.ConsoleApp.Tarefa::set_dataConclusao(System.DateTime)</Name>
              <FileRef uid="7" />
              <SequencePoints>
                <SequencePoint vc="5" uspid="221" ordinal="0" offset="0" sl="27" sc="46" el="27" ec="50" bec="0" bev="0" fileid="7" />
              </SequencePoints>
              <BranchPoints />
              <MethodPoint xsi:type="SequencePoint" vc="5" uspid="221" ordinal="0" offset="0" sl="27" sc="46" el="27" ec="50" bec="0" bev="0" fileid="7" />
            </Method>
            <Method visited="true" cyclomaticComplexity="1" nPathComplexity="0" sequenceCoverage="100" branchCoverage="100" crapScore="1" isConstructor="false" isStatic="false" isGetter="true" isSetter="false">
              <Summary numSequencePoints="1" visitedSequencePoints="1" numBranchPoints="1" visitedBranchPoints="1" sequenceCoverage="100" branchCoverage="100" maxCyclomaticComplexity="1" minCyclomaticComplexity="1" maxCrapScore="1" minCrapScore="1" visitedClasses="0" numClasses="0" visitedMethods="1" numMethods="1" />
              <MetadataToken>100663315</MetadataToken>
              <Name>System.Int32 BancoDeDados.ConsoleApp.Tarefa::get_percentualConcluido()</Name>
              <FileRef uid="7" />
              <SequencePoints>
                <SequencePoint vc="4" uspid="222" ordinal="0" offset="0" sl="29" sc="42" el="29" ec="46" bec="0" bev="0" fileid="7" />
              </SequencePoints>
              <BranchPoints />
              <MethodPoint xsi:type="SequencePoint" vc="4" uspid="222" ordinal="0" offset="0" sl="29" sc="42" el="29" ec="46" bec="0" bev="0" fileid="7" />
            </Method>
            <Method visited="true" cyclomaticComplexity="1" nPathComplexity="0" sequenceCoverage="100" branchCoverage="100" crapScore="1" isConstructor="false" isStatic="false" isGetter="false" isSetter="true">
              <Summary numSequencePoints="1" visitedSequencePoints="1" numBranchPoints="1" visitedBranchPoints="1" sequenceCoverage="100" branchCoverage="100" maxCyclomaticComplexity="1" minCyclomaticComplexity="1" maxCrapScore="1" minCrapScore="1" visitedClasses="0" numClasses="0" visitedMethods="1" numMethods="1" />
              <MetadataToken>100663316</MetadataToken>
              <Name>System.Void BancoDeDados.ConsoleApp.Tarefa::set_percentualConcluido(System.Int32)</Name>
              <FileRef uid="7" />
              <SequencePoints>
                <SequencePoint vc="5" uspid="223" ordinal="0" offset="0" sl="29" sc="47" el="29" ec="51" bec="0" bev="0" fileid="7" />
              </SequencePoints>
              <BranchPoints />
              <MethodPoint xsi:type="SequencePoint" vc="5" uspid="223" ordinal="0" offset="0" sl="29" sc="47" el="29" ec="51" bec="0" bev="0" fileid="7" />
            </Method>
            <Method visited="true" cyclomaticComplexity="1" nPathComplexity="0" sequenceCoverage="100" branchCoverage="100" crapScore="1" isConstructor="true" isStatic="false" isGetter="false" isSetter="false">
              <Summary numSequencePoints="8" visitedSequencePoints="8" numBranchPoints="1" visitedBranchPoints="1" sequenceCoverage="100" branchCoverage="100" maxCyclomaticComplexity="1" minCyclomaticComplexity="1" maxCrapScore="1" minCrapScore="1" visitedClasses="0" numClasses="0" visitedMethods="1" numMethods="1" />
              <MetadataToken>100663306</MetadataToken>
              <Name>System.Void BancoDeDados.ConsoleApp.Tarefa::.ctor(System.String,System.Int32,System.DateTime,System.Int32)</Name>
              <FileRef uid="7" />
              <SequencePoints>
                <SequencePoint vc="5" uspid="224" ordinal="0" offset="0" sl="12" sc="9" el="12" ec="100" bec="0" bev="0" fileid="7" />
                <SequencePoint vc="5" uspid="225" ordinal="1" offset="7" sl="13" sc="9" el="13" ec="10" bec="0" bev="0" fileid="7" />
                <SequencePoint vc="5" uspid="226" ordinal="2" offset="8" sl="14" sc="13" el="14" ec="34" bec="0" bev="0" fileid="7" />
                <SequencePoint vc="5" uspid="227" ordinal="3" offset="16" sl="15" sc="13" el="15" ec="42" bec="0" bev="0" fileid="7" />
                <SequencePoint vc="5" uspid="228" ordinal="4" offset="24" sl="16" sc="13" el="16" ec="44" bec="0" bev="0" fileid="7" />
                <SequencePoint vc="5" uspid="229" ordinal="5" offset="32" sl="17" sc="13" el="17" ec="52" bec="0" bev="0" fileid="7" />
                <SequencePoint vc="5" uspid="230" ordinal="6" offset="44" sl="18" sc="13" el="18" ec="60" bec="0" bev="0" fileid="7" />
                <SequencePoint vc="5" uspid="231" ordinal="7" offset="53" sl="19" sc="9" el="19" ec="10" bec="0" bev="0" fileid="7" />
              </SequencePoints>
              <BranchPoints />
              <MethodPoint xsi:type="SequencePoint" vc="5" uspid="224" ordinal="0" offset="0" sl="12" sc="9" el="12" ec="100" bec="0" bev="0" fileid="7" />
            </Method>
            <Method visited="false" cyclomaticComplexity="3" nPathComplexity="4" sequenceCoverage="0" branchCoverage="0" crapScore="12" isConstructor="false" isStatic="false" isGetter="false" isSetter="false">
              <Summary numSequencePoints="5" visitedSequencePoints="0" numBranchPoints="5" visitedBranchPoints="0" sequenceCoverage="0" branchCoverage="0" maxCyclomaticComplexity="3" minCyclomaticComplexity="3" maxCrapScore="12" minCrapScore="12" visitedClasses="0" numClasses="0" visitedMethods="0" numMethods="1" />
              <MetadataToken>100663317</MetadataToken>
              <Name>System.String BancoDeDados.ConsoleApp.Tarefa::Validar()</Name>
              <FileRef uid="7" />
              <SequencePoints>
                <SequencePoint vc="0" uspid="232" ordinal="0" offset="0" sl="32" sc="9" el="32" ec="10" bec="0" bev="0" fileid="7" />
                <SequencePoint vc="0" uspid="233" ordinal="1" offset="1" sl="33" sc="13" el="33" ec="69" bec="4" bev="0" fileid="7" />
                <SequencePoint vc="0" uspid="234" ordinal="2" offset="22" sl="34" sc="17" el="34" ec="33" bec="0" bev="0" fileid="7" />
                <SequencePoint vc="0" uspid="235" ordinal="3" offset="30" sl="35" sc="13" el="35" ec="31" bec="0" bev="0" fileid="7" />
                <SequencePoint vc="0" uspid="236" ordinal="4" offset="38" sl="36" sc="9" el="36" ec="10" bec="0" bev="0" fileid="7" />
              </SequencePoints>
              <BranchPoints>
                <BranchPoint vc="0" uspid="237" ordinal="0" offset="7" sl="33" path="0" offsetend="9" fileid="7" />
                <BranchPoint vc="0" uspid="238" ordinal="1" offset="7" sl="33" path="1" offsetend="17" fileid="7" />
                <BranchPoint vc="0" uspid="239" ordinal="2" offset="20" sl="33" path="0" offsetend="22" fileid="7" />
                <BranchPoint vc="0" uspid="240" ordinal="3" offset="20" sl="33" path="1" offsetend="30" fileid="7" />
              </BranchPoints>
              <MethodPoint xsi:type="SequencePoint" vc="0" uspid="232" ordinal="0" offset="0" sl="32" sc="9" el="32" ec="10" bec="0" bev="0" fileid="7" />
            </Method>
            <Method visited="true" cyclomaticComplexity="4" nPathComplexity="8" sequenceCoverage="100" branchCoverage="85.71" crapScore="4" isConstructor="false" isStatic="false" isGetter="false" isSetter="false">
              <Summary numSequencePoints="5" visitedSequencePoints="5" numBranchPoints="7" visitedBranchPoints="6" sequenceCoverage="100" branchCoverage="85.71" maxCyclomaticComplexity="4" minCyclomaticComplexity="4" maxCrapScore="4" minCrapScore="4" visitedClasses="0" numClasses="0" visitedMethods="1" numMethods="1" />
              <MetadataToken>100663318</MetadataToken>
              <Name>System.Boolean BancoDeDados.ConsoleApp.Tarefa::ValidarPrioridade()</Name>
              <FileRef uid="7" />
              <SequencePoints>
                <SequencePoint vc="2" uspid="241" ordinal="0" offset="0" sl="39" sc="9" el="39" ec="10" bec="0" bev="0" fileid="7" />
                <SequencePoint vc="2" uspid="242" ordinal="1" offset="1" sl="40" sc="13" el="40" ec="71" bec="5" bev="5" fileid="7" />
                <SequencePoint vc="1" uspid="243" ordinal="2" offset="35" sl="41" sc="17" el="41" ec="29" bec="0" bev="0" fileid="7" />
                <SequencePoint vc="1" uspid="244" ordinal="3" offset="39" sl="42" sc="13" el="42" ec="26" bec="0" bev="0" fileid="7" />
                <SequencePoint vc="2" uspid="245" ordinal="4" offset="43" sl="43" sc="9" el="43" ec="10" bec="0" bev="0" fileid="7" />
              </SequencePoints>
              <BranchPoints>
                <BranchPoint vc="2" uspid="246" ordinal="0" offset="8" sl="40" path="0" offsetend="10" fileid="7" />
                <BranchPoint vc="0" uspid="247" ordinal="1" offset="8" sl="40" path="1" offsetend="30" fileid="7" />
                <BranchPoint vc="1" uspid="248" ordinal="2" offset="17" sl="40" path="0" offsetend="19" fileid="7" />
                <BranchPoint vc="1" uspid="249" ordinal="3" offset="17" sl="40" path="1" offsetend="30" fileid="7" />
                <BranchPoint vc="1" uspid="250" ordinal="4" offset="33" sl="40" path="0" offsetend="35" fileid="7" />
                <BranchPoint vc="1" uspid="251" ordinal="5" offset="33" sl="40" path="1" offsetend="39" fileid="7" />
              </BranchPoints>
              <MethodPoint xsi:type="SequencePoint" vc="2" uspid="241" ordinal="0" offset="0" sl="39" sc="9" el="39" ec="10" bec="0" bev="0" fileid="7" />
            </Method>
            <Method visited="true" cyclomaticComplexity="3" nPathComplexity="4" sequenceCoverage="100" branchCoverage="80" crapScore="3" isConstructor="false" isStatic="false" isGetter="false" isSetter="false">
              <Summary numSequencePoints="5" visitedSequencePoints="5" numBranchPoints="5" visitedBranchPoints="4" sequenceCoverage="100" branchCoverage="80" maxCyclomaticComplexity="3" minCyclomaticComplexity="3" maxCrapScore="3" minCrapScore="3" visitedClasses="0" numClasses="0" visitedMethods="1" numMethods="1" />
              <MetadataToken>100663319</MetadataToken>
              <Name>System.Boolean BancoDeDados.ConsoleApp.Tarefa::ValidarPercentualConcluido()</Name>
              <FileRef uid="7" />
              <SequencePoints>
                <SequencePoint vc="2" uspid="252" ordinal="0" offset="0" sl="46" sc="9" el="46" ec="10" bec="0" bev="0" fileid="7" />
                <SequencePoint vc="2" uspid="253" ordinal="1" offset="1" sl="47" sc="13" el="47" ec="71" bec="4" bev="3" fileid="7" />
                <SequencePoint vc="1" uspid="254" ordinal="2" offset="27" sl="48" sc="17" el="48" ec="29" bec="0" bev="0" fileid="7" />
                <SequencePoint vc="1" uspid="255" ordinal="3" offset="31" sl="49" sc="13" el="49" ec="26" bec="0" bev="0" fileid="7" />
                <SequencePoint vc="2" uspid="256" ordinal="4" offset="35" sl="50" sc="9" el="50" ec="10" bec="0" bev="0" fileid="7" />
              </SequencePoints>
              <BranchPoints>
                <BranchPoint vc="2" uspid="257" ordinal="0" offset="8" sl="47" path="0" offsetend="10" fileid="7" />
                <BranchPoint vc="0" uspid="258" ordinal="1" offset="8" sl="47" path="1" offsetend="22" fileid="7" />
                <BranchPoint vc="1" uspid="259" ordinal="2" offset="25" sl="47" path="0" offsetend="27" fileid="7" />
                <BranchPoint vc="1" uspid="260" ordinal="3" offset="25" sl="47" path="1" offsetend="31" fileid="7" />
              </BranchPoints>
              <MethodPoint xsi:type="SequencePoint" vc="2" uspid="252" ordinal="0" offset="0" sl="46" sc="9" el="46" ec="10" bec="0" bev="0" fileid="7" />
            </Method>
          </Methods>
        </Class>
        <Class>
          <Summary numSequencePoints="32" visitedSequencePoints="0" numBranchPoints="7" visitedBranchPoints="0" sequenceCoverage="0" branchCoverage="0" maxCyclomaticComplexity="5" minCyclomaticComplexity="1" maxCrapScore="30" minCrapScore="2" visitedClasses="0" numClasses="1" visitedMethods="0" numMethods="3" />
          <FullName>BancoDeDados.ConsoleApp.TelaBase</FullName>
          <Methods>
            <Method visited="false" cyclomaticComplexity="1" nPathComplexity="0" sequenceCoverage="0" branchCoverage="0" crapScore="2" isConstructor="false" isStatic="false" isGetter="false" isSetter="false">
              <Summary numSequencePoints="11" visitedSequencePoints="0" numBranchPoints="1" visitedBranchPoints="0" sequenceCoverage="0" branchCoverage="0" maxCyclomaticComplexity="1" minCyclomaticComplexity="1" maxCrapScore="2" minCrapScore="2" visitedClasses="0" numClasses="0" visitedMethods="0" numMethods="1" />
              <MetadataToken>100663320</MetadataToken>
              <Name>System.String BancoDeDados.ConsoleApp.TelaBase::ObterOpcao()</Name>
              <FileRef uid="8" />
              <SequencePoints>
                <SequencePoint vc="0" uspid="261" ordinal="0" offset="0" sl="9" sc="9" el="9" ec="10" bec="0" bev="0" fileid="8" />
                <SequencePoint vc="0" uspid="262" ordinal="1" offset="1" sl="10" sc="13" el="10" ec="70" bec="0" bev="0" fileid="8" />
                <SequencePoint vc="0" uspid="263" ordinal="2" offset="12" sl="11" sc="13" el="11" ec="69" bec="0" bev="0" fileid="8" />
                <SequencePoint vc="0" uspid="264" ordinal="3" offset="23" sl="12" sc="13" el="12" ec="67" bec="0" bev="0" fileid="8" />
                <SequencePoint vc="0" uspid="265" ordinal="4" offset="34" sl="13" sc="13" el="13" ec="68" bec="0" bev="0" fileid="8" />
                <SequencePoint vc="0" uspid="266" ordinal="5" offset="45" sl="15" sc="13" el="15" ec="55" bec="0" bev="0" fileid="8" />
                <SequencePoint vc="0" uspid="267" ordinal="6" offset="56" sl="16" sc="13" el="16" ec="33" bec="0" bev="0" fileid="8" />
                <SequencePoint vc="0" uspid="268" ordinal="7" offset="62" sl="18" sc="13" el="18" ec="38" bec="0" bev="0" fileid="8" />
                <SequencePoint vc="0" uspid="269" ordinal="8" offset="73" sl="19" sc="13" el="19" ec="47" bec="0" bev="0" fileid="8" />
                <SequencePoint vc="0" uspid="270" ordinal="9" offset="79" sl="21" sc="13" el="21" ec="26" bec="0" bev="0" fileid="8" />
                <SequencePoint vc="0" uspid="271" ordinal="10" offset="83" sl="22" sc="9" el="22" ec="10" bec="0" bev="0" fileid="8" />
              </SequencePoints>
              <BranchPoints />
              <MethodPoint xsi:type="SequencePoint" vc="0" uspid="261" ordinal="0" offset="0" sl="9" sc="9" el="9" ec="10" bec="0" bev="0" fileid="8" />
            </Method>
            <Method visited="false" cyclomaticComplexity="5" nPathComplexity="4" sequenceCoverage="0" branchCoverage="0" crapScore="30" isConstructor="false" isStatic="false" isGetter="false" isSetter="false">
              <Summary numSequencePoints="14" visitedSequencePoints="0" numBranchPoints="5" visitedBranchPoints="0" sequenceCoverage="0" branchCoverage="0" maxCyclomaticComplexity="5" minCyclomaticComplexity="5" maxCrapScore="30" minCrapScore="30" visitedClasses="0" numClasses="0" visitedMethods="0" numMethods="1" />
              <MetadataToken>100663321</MetadataToken>
              <Name>System.Void BancoDeDados.ConsoleApp.TelaBase::ApresentarMensagem(System.String,BancoDeDados.ConsoleApp.Telas.TipoMensagem)</Name>
              <FileRef uid="8" />
              <SequencePoints>
                <SequencePoint vc="0" uspid="272" ordinal="0" offset="0" sl="25" sc="9" el="25" ec="10" bec="0" bev="0" fileid="8" />
                <SequencePoint vc="0" uspid="273" ordinal="1" offset="1" sl="26" sc="13" el="26" ec="24" bec="4" bev="0" fileid="8" />
                <SequencePoint vc="0" uspid="274" ordinal="2" offset="25" sl="29" sc="21" el="29" ec="66" bec="0" bev="0" fileid="8" />
                <SequencePoint vc="0" uspid="275" ordinal="3" offset="33" sl="30" sc="21" el="30" ec="27" bec="0" bev="0" fileid="8" />
                <SequencePoint vc="0" uspid="276" ordinal="4" offset="35" sl="33" sc="21" el="33" ec="71" bec="0" bev="0" fileid="8" />
                <SequencePoint vc="0" uspid="277" ordinal="5" offset="42" sl="34" sc="21" el="34" ec="27" bec="0" bev="0" fileid="8" />
                <SequencePoint vc="0" uspid="278" ordinal="6" offset="44" sl="37" sc="21" el="37" ec="64" bec="0" bev="0" fileid="8" />
                <SequencePoint vc="0" uspid="279" ordinal="7" offset="52" sl="38" sc="21" el="38" ec="27" bec="0" bev="0" fileid="8" />
                <SequencePoint vc="0" uspid="280" ordinal="8" offset="54" sl="41" sc="21" el="41" ec="27" bec="0" bev="0" fileid="8" />
                <SequencePoint vc="0" uspid="281" ordinal="9" offset="56" sl="44" sc="13" el="44" ec="33" bec="0" bev="0" fileid="8" />
                <SequencePoint vc="0" uspid="282" ordinal="10" offset="62" sl="45" sc="13" el="45" ec="41" bec="0" bev="0" fileid="8" />
                <SequencePoint vc="0" uspid="283" ordinal="11" offset="69" sl="46" sc="13" el="46" ec="34" bec="0" bev="0" fileid="8" />
                <SequencePoint vc="0" uspid="284" ordinal="12" offset="75" sl="47" sc="13" el="47" ec="32" bec="0" bev="0" fileid="8" />
                <SequencePoint vc="0" uspid="285" ordinal="13" offset="81" sl="48" sc="9" el="48" ec="10" bec="0" bev="0" fileid="8" />
              </SequencePoints>
              <BranchPoints>
                <BranchPoint vc="0" uspid="286" ordinal="0" offset="6" sl="26" path="0" offsetchain="23 54" offsetend="56" fileid="8" />
                <BranchPoint vc="0" uspid="287" ordinal="1" offset="6" sl="26" path="1" offsetend="25" fileid="8" />
                <BranchPoint vc="0" uspid="288" ordinal="2" offset="6" sl="26" path="2" offsetend="35" fileid="8" />
                <BranchPoint vc="0" uspid="289" ordinal="3" offset="6" sl="26" path="3" offsetend="44" fileid="8" />
              </BranchPoints>
              <MethodPoint xsi:type="SequencePoint" vc="0" uspid="272" ordinal="0" offset="0" sl="25" sc="9" el="25" ec="10" bec="0" bev="0" fileid="8" />
            </Method>
[...]
          <FullName>BancoDeDados.ConsoleApp.Controladores.ControladorContato</FullName>
          <Methods>
            <Method visited="false" cyclomaticComplexity="2" nPathComplexity="2" sequenceCoverage="0" branchCoverage="0" crapScore="6" isConstructor="false" isStatic="false" isGetter="false" isSetter="false">
              <Summary numSequencePoints="24" visitedSequencePoints="0" numBranchPoints="3" visitedBranchPoints="0" sequenceCoverage="0" branchCoverage="0" maxCyclomaticComplexity="2" minCyclomaticComplexity="2" maxCrapScore="6" minCrapScore="6" visitedClasses="0" numClasses="0" visitedMethods="0" numMethods="1" />
              <MetadataToken>100663375</MetadataToken>
              <Name>System.Collections.Generic.List`1&lt;BancoDeDados.ConsoleApp.Dominio.Contato&gt; BancoDeDados.ConsoleApp.Controladores.ControladorContato::ObterTodosContatos()</Name>
              <FileRef uid="16" />
              <SequencePoints>
                <SequencePoint vc="0" uspid="667" ordinal="0" offset="0" sl="69" sc="9" el="69" ec="10" bec="0" bev="0" fileid="16" />
                <SequencePoint vc="0" uspid="668" ordinal="1" offset="1" sl="70" sc="13" el="70" ec="65" bec="0" bev="0" fileid="16" />
                <SequencePoint vc="0" uspid="669" ordinal="2" offset="7" sl="71" sc="13" el="71" ec="67" bec="0" bev="0" fileid="16" />
                <SequencePoint vc="0" uspid="670" ordinal="3" offset="19" sl="72" sc="13" el="72" ec="36" bec="0" bev="0" fileid="16" />
                <SequencePoint vc="0" uspid="671" ordinal="4" offset="26" sl="74" sc="13" el="74" ec="58" bec="0" bev="0" fileid="16" />
                <SequencePoint vc="0" uspid="672" ordinal="5" offset="32" sl="75" sc="13" el="75" ec="57" bec="0" bev="0" fileid="16" />
                <SequencePoint vc="0" uspid="673" ordinal="6" offset="40" sl="77" sc="13" el="77" ec="61" bec="0" bev="0" fileid="16" />
                <SequencePoint vc="0" uspid="674" ordinal="7" offset="52" sl="79" sc="13" el="79" ec="75" bec="0" bev="0" fileid="16" />
                <SequencePoint vc="0" uspid="675" ordinal="8" offset="59" sl="81" sc="13" el="81" ec="58" bec="0" bev="0" fileid="16" />
                <SequencePoint vc="0" uspid="676" ordinal="9" offset="70" sl="84" sc="13" el="84" ec="14" bec="0" bev="0" fileid="16" />
                <SequencePoint vc="0" uspid="677" ordinal="10" offset="71" sl="85" sc="17" el="85" ec="64" bec="0" bev="0" fileid="16" />
                <SequencePoint vc="0" uspid="678" ordinal="11" offset="89" sl="86" sc="17" el="86" ec="72" bec="0" bev="0" fileid="16" />
                <SequencePoint vc="0" uspid="679" ordinal="12" offset="107" sl="87" sc="17" el="87" ec="74" bec="0" bev="0" fileid="16" />
                <SequencePoint vc="0" uspid="680" ordinal="13" offset="125" sl="88" sc="17" el="88" ec="76" bec="0" bev="0" fileid="16" />
                <SequencePoint vc="0" uspid="681" ordinal="14" offset="143" sl="89" sc="17" el="89" ec="78" bec="0" bev="0" fileid="16" />
                <SequencePoint vc="0" uspid="682" ordinal="15" offset="161" sl="90" sc="17" el="90" ec="74" bec="0" bev="0" fileid="16" />
                <SequencePoint vc="0" uspid="683" ordinal="16" offset="179" sl="92" sc="17" el="92" ec="81" bec="0" bev="0" fileid="16" />
                <SequencePoint vc="0" uspid="684" ordinal="17" offset="197" sl="93" sc="17" el="93" ec="28" bec="0" bev="0" fileid="16" />
                <SequencePoint vc="0" uspid="685" ordinal="18" offset="207" sl="95" sc="17" el="95" ec="34" bec="0" bev="0" fileid="16" />
                <SequencePoint vc="0" uspid="686" ordinal="19" offset="216" sl="96" sc="13" el="96" ec="14" bec="0" bev="0" fileid="16" />
                <SequencePoint vc="0" uspid="687" ordinal="20" offset="217" sl="83" sc="13" el="83" ec="42" bec="2" bev="0" fileid="16" />
                <SequencePoint vc="0" uspid="688" ordinal="21" offset="232" sl="98" sc="13" el="98" ec="37" bec="0" bev="0" fileid="16" />
                <SequencePoint vc="0" uspid="689" ordinal="22" offset="239" sl="100" sc="13" el="100" ec="29" bec="0" bev="0" fileid="16" />
                <SequencePoint vc="0" uspid="690" ordinal="23" offset="244" sl="101" sc="9" el="101" ec="10" bec="0" bev="0" fileid="16" />
              </SequencePoints>
              <BranchPoints>
                <BranchPoint vc="0" uspid="691" ordinal="0" offset="227" sl="83" path="0" offsetend="232" fileid="16" />
                <BranchPoint vc="0" uspid="692" ordinal="1" offset="227" sl="83" path="1" offsetend="70" fileid="16" />
              </BranchPoints>
              <MethodPoint xsi:type="SequencePoint" vc="0" uspid="667" ordinal="0" offset="0" sl="69" sc="9" el="69" ec="10" bec="0" bev="0" fileid="16" />
            </Method>
            <Method visited="false" cyclomaticComplexity="1" nPathComplexity="0" sequenceCoverage="0" branchCoverage="0" crapScore="2" isConstructor="false" isStatic="false" isGetter="false" isSetter="false">
              <Summary numSequencePoints="21" visitedSequencePoints="0" numBranchPoints="1" visitedBranchPoints="0" sequenceCoverage="0" branchCoverage="0" maxCyclomaticComplexity="1" minCyclomaticComplexity="1" maxCrapScore="2" minCrapScore="2" visitedClasses="0" numClasses="0" visitedMethods="0" numMethods="1" />
              <MetadataToken>100663376</MetadataToken>
              <Name>System.String BancoDeDados.ConsoleApp.Controladores.ControladorContato::InserirNovo(BancoDeDados.ConsoleApp.Dominio.Contato)</Name>
              <FileRef uid="16" />
              <SequencePoints>
                <SequencePoint vc="0" uspid="693" ordinal="0" offset="0" sl="104" sc="9" el="104" ec="10" bec="0" bev="0" fileid="16" />
                <SequencePoint vc="0" uspid="694" ordinal="1" offset="1" sl="105" sc="13" el="105" ec="65" bec="0" bev="0" fileid="16" />
                <SequencePoint vc="0" uspid="695" ordinal="2" offset="7" sl="106" sc="13" el="106" ec="67" bec="0" bev="0" fileid="16" />
                <SequencePoint vc="0" uspid="696" ordinal="3" offset="19" sl="107" sc="13" el="107" ec="36" bec="0" bev="0" fileid="16" />
                <SequencePoint vc="0" uspid="697" ordinal="4" offset="26" sl="109" sc="13" el="109" ec="59" bec="0" bev="0" fileid="16" />
                <SequencePoint vc="0" uspid="698" ordinal="5" offset="32" sl="110" sc="13" el="110" ec="58" bec="0" bev="0" fileid="16" />
                <SequencePoint vc="0" uspid="699" ordinal="6" offset="40" sl="112" sc="13" el="112" ec="54" bec="0" bev="0" fileid="16" />
                <SequencePoint vc="0" uspid="700" ordinal="7" offset="52" sl="114" sc="13" el="114" ec="14" bec="0" bev="0" fileid="16" />
                <SequencePoint vc="0" uspid="701" ordinal="8" offset="53" sl="115" sc="17" el="115" ec="79" bec="0" bev="0" fileid="16" />
                <SequencePoint vc="0" uspid="702" ordinal="9" offset="76" sl="116" sc="17" el="116" ec="81" bec="0" bev="0" fileid="16" />
                <SequencePoint vc="0" uspid="703" ordinal="10" offset="99" sl="117" sc="17" el="117" ec="87" bec="0" bev="0" fileid="16" />
                <SequencePoint vc="0" uspid="704" ordinal="11" offset="127" sl="118" sc="17" el="118" ec="85" bec="0" bev="0" fileid="16" />
                <SequencePoint vc="0" uspid="705" ordinal="12" offset="150" sl="119" sc="17" el="119" ec="81" bec="0" bev="0" fileid="16" />
                <SequencePoint vc="0" uspid="706" ordinal="13" offset="173" sl="121" sc="17" el="121" ec="61" bec="0" bev="0" fileid="16" />
                <SequencePoint vc="0" uspid="707" ordinal="14" offset="180" sl="123" sc="17" el="123" ec="50" bec="0" bev="0" fileid="16" />
                <SequencePoint vc="0" uspid="708" ordinal="15" offset="193" sl="125" sc="17" el="125" ec="41" bec="0" bev="0" fileid="16" />
                <SequencePoint vc="0" uspid="709" ordinal="16" offset="200" sl="126" sc="17" el="126" ec="50" bec="0" bev="0" fileid="16" />
                <SequencePoint vc="0" uspid="710" ordinal="17" offset="208" sl="128" sc="13" el="128" ec="18" bec="0" bev="0" fileid="16" />
                <SequencePoint vc="0" uspid="711" ordinal="18" offset="209" sl="129" sc="13" el="129" ec="14" bec="0" bev="0" fileid="16" />
                <SequencePoint vc="0" uspid="712" ordinal="19" offset="210" sl="130" sc="17" el="130" ec="45" bec="0" bev="0" fileid="16" />
                <SequencePoint vc="0" uspid="713" ordinal="20" offset="218" sl="132" sc="9" el="132" ec="10" bec="0" bev="0" fileid="16" />
              </SequencePoints>
              <BranchPoints />
              <MethodPoint xsi:type="SequencePoint" vc="0" uspid="693" ordinal="0" offset="0" sl="104" sc="9" el="104" ec="10" bec="0" bev="0" fileid="16" />
            </Method>
            <Method visited="false" cyclomaticComplexity="2" nPathComplexity="2" sequenceCoverage="0" branchCoverage="0" crapScore="6" isConstructor="false" isStatic="false" isGetter="false" isSetter="false">
              <Summary numSequencePoints="22" visitedSequencePoints="0" numBranchPoints="3" visitedBranchPoints="0" sequenceCoverage="0" branchCoverage="0" maxCyclomaticComplexity="2" minCyclomaticComplexity="2" maxCrapScore="6" minCrapScore="6" visitedClasses="0" numClasses="0" visitedMethods="0" numMethods="1" />
              <MetadataToken>100663377</MetadataToken>
              <Name>BancoDeDados.ConsoleApp.Dominio.Contato BancoDeDados.ConsoleApp.Controladores.ControladorContato::SelecionarRegistroPorId(System.Int32)</Name>
              <FileRef uid="16" />
              <SequencePoints>
                <SequencePoint vc="0" uspid="714" ordinal="0" offset="0" sl="135" sc="9" el="135" ec="10" bec="0" bev="0" fileid="16" />
                <SequencePoint vc="0" uspid="715" ordinal="1" offset="1" sl="136" sc="13" el="136" ec="65" bec="0" bev="0" fileid="16" />
                <SequencePoint vc="0" uspid="716" ordinal="2" offset="7" sl="137" sc="13" el="137" ec="67" bec="0" bev="0" fileid="16" />
                <SequencePoint vc="0" uspid="717" ordinal="3" offset="19" sl="138" sc="13" el="138" ec="36" bec="0" bev="0" fileid="16" />
                <SequencePoint vc="0" uspid="718" ordinal="4" offset="26" sl="140" sc="13" el="140" ec="58" bec="0" bev="0" fileid="16" />
                <SequencePoint vc="0" uspid="719" ordinal="5" offset="32" sl="141" sc="13" el="141" ec="57" bec="0" bev="0" fileid="16" />
                <SequencePoint vc="0" uspid="720" ordinal="6" offset="40" sl="143" sc="13" el="143" ec="61" bec="0" bev="0" fileid="16" />
                <SequencePoint vc="0" uspid="721" ordinal="7" offset="52" sl="144" sc="13" el="144" ec="72" bec="0" bev="0" fileid="16" />
                <SequencePoint vc="0" uspid="722" ordinal="8" offset="75" sl="146" sc="13" el="146" ec="75" bec="0" bev="0" fileid="16" />
                <SequencePoint vc="0" uspid="723" ordinal="9" offset="82" sl="148" sc="13" el="148" ec="48" bec="2" bev="0" fileid="16" />
                <SequencePoint vc="0" uspid="724" ordinal="10" offset="97" sl="149" sc="17" el="149" ec="29" bec="0" bev="0" fileid="16" />
                <SequencePoint vc="0" uspid="725" ordinal="11" offset="105" sl="151" sc="13" el="151" ec="60" bec="0" bev="0" fileid="16" />
                <SequencePoint vc="0" uspid="726" ordinal="12" offset="122" sl="152" sc="13" el="152" ec="68" bec="0" bev="0" fileid="16" />
                <SequencePoint vc="0" uspid="727" ordinal="13" offset="140" sl="153" sc="13" el="153" ec="70" bec="0" bev="0" fileid="16" />
                <SequencePoint vc="0" uspid="728" ordinal="14" offset="158" sl="154" sc="13" el="154" ec="72" bec="0" bev="0" fileid="16" />
                <SequencePoint vc="0" uspid="729" ordinal="15" offset="176" sl="155" sc="13" el="155" ec="74" bec="0" bev="0" fileid="16" />
                <SequencePoint vc="0" uspid="730" ordinal="16" offset="194" sl="156" sc="13" el="156" ec="70" bec="0" bev="0" fileid="16" />
                <SequencePoint vc="0" uspid="731" ordinal="17" offset="212" sl="158" sc="13" el="158" ec="77" bec="0" bev="0" fileid="16" />
                <SequencePoint vc="0" uspid="732" ordinal="18" offset="230" sl="159" sc="13" el="159" ec="24" bec="0" bev="0" fileid="16" />
                <SequencePoint vc="0" uspid="733" ordinal="19" offset="239" sl="161" sc="13" el="161" ec="37" bec="0" bev="0" fileid="16" />
                <SequencePoint vc="0" uspid="734" ordinal="20" offset="246" sl="163" sc="13" el="163" ec="23" bec="0" bev="0" fileid="16" />
                <SequencePoint vc="0" uspid="735" ordinal="21" offset="252" sl="164" sc="9" el="164" ec="10" bec="0" bev="0" fileid="16" />
              </SequencePoints>
              <BranchPoints>
                <BranchPoint vc="0" uspid="736" ordinal="0" offset="95" sl="148" path="0" offsetend="97" fileid="16" />
                <BranchPoint vc="0" uspid="737" ordinal="1" offset="95" sl="148" path="1" offsetend="105" fileid="16" />
              </BranchPoints>
              <MethodPoint xsi:type="SequencePoint" vc="0" uspid="714" ordinal="0" offset="0" sl="135" sc="9" el="135" ec="10" bec="0" bev="0" fileid="16" />
            </Method>
            <Method visited="false" cyclomaticComplexity="1" nPathComplexity="0" sequenceCoverage="0" branchCoverage="0" crapScore="2" isConstructor="false" isStatic="false" isGetter="false" isSetter="false">
              <Summary numSequencePoints="16" visitedSequencePoints="0" numBranchPoints="1" visitedBranchPoints="0" sequenceCoverage="0" branchCoverage="0" maxCyclomaticComplexity="1" minCyclomaticComplexity="1" maxCrapScore="2" minCrapScore="2" visitedClasses="0" numClasses="0" visitedMethods="0" numMethods="1" />
              <MetadataToken>100663378</MetadataToken>
              <Name>System.Void BancoDeDados.ConsoleApp.Controladores.ControladorContato::EditarRegistro(System.Int32,BancoDeDados.ConsoleApp.Dominio.Contato)</Name>
              <FileRef uid="16" />
              <SequencePoints>
                <SequencePoint vc="0" uspid="738" ordinal="0" offset="0" sl="167" sc="9" el="167" ec="10" bec="0" bev="0" fileid="16" />
                <SequencePoint vc="0" uspid="739" ordinal="1" offset="1" sl="168" sc="13" el="168" ec="65" bec="0" bev="0" fileid="16" />
                <SequencePoint vc="0" uspid="740" ordinal="2" offset="7" sl="169" sc="13" el="169" ec="67" bec="0" bev="0" fileid="16" />
                <SequencePoint vc="0" uspid="741" ordinal="3" offset="19" sl="170" sc="13" el="170" ec="36" bec="0" bev="0" fileid="16" />
                <SequencePoint vc="0" uspid="742" ordinal="4" offset="26" sl="172" sc="13" el="172" ec="62" bec="0" bev="0" fileid="16" />
                <SequencePoint vc="0" uspid="743" ordinal="5" offset="32" sl="173" sc="13" el="173" ec="61" bec="0" bev="0" fileid="16" />
                <SequencePoint vc="0" uspid="744" ordinal="6" offset="40" sl="175" sc="13" el="175" ec="56" bec="0" bev="0" fileid="16" />
                <SequencePoint vc="0" uspid="745" ordinal="7" offset="52" sl="177" sc="13" el="177" ec="78" bec="0" bev="0" fileid="16" />
                <SequencePoint vc="0" uspid="746" ordinal="8" offset="75" sl="178" sc="13" el="178" ec="80" bec="0" bev="0" fileid="16" />
                <SequencePoint vc="0" uspid="747" ordinal="9" offset="98" sl="179" sc="13" el="179" ec="86" bec="0" bev="0" fileid="16" />
                <SequencePoint vc="0" uspid="748" ordinal="10" offset="126" sl="180" sc="13" el="180" ec="84" bec="0" bev="0" fileid="16" />
                <SequencePoint vc="0" uspid="749" ordinal="11" offset="149" sl="181" sc="13" el="181" ec="80" bec="0" bev="0" fileid="16" />
                <SequencePoint vc="0" uspid="750" ordinal="12" offset="172" sl="182" sc="13" el="182" ec="77" bec="0" bev="0" fileid="16" />
                <SequencePoint vc="0" uspid="751" ordinal="13" offset="195" sl="184" sc="13" el="184" ec="50" bec="0" bev="0" fileid="16" />
                <SequencePoint vc="0" uspid="752" ordinal="14" offset="202" sl="186" sc="13" el="186" ec="37" bec="0" bev="0" fileid="16" />
                <SequencePoint vc="0" uspid="753" ordinal="15" offset="209" sl="187" sc="9" el="187" ec="10" bec="0" bev="0" fileid="16" />
              </SequencePoints>
              <BranchPoints />
              <MethodPoint xsi:type="SequencePoint" vc="0" uspid="738" ordinal="0" offset="0" sl="167" sc="9" el="167" ec="10" bec="0" bev="0" fileid="16" />
            </Method>
            <Method visited="false" cyclomaticComplexity="1" nPathComplexity="0" sequenceCoverage="0" branchCoverage="0" crapScore="2" isConstructor="false" isStatic="false" isGetter="false" isSetter="false">
              <Summary numSequencePoints="11" visitedSequencePoints="0" numBranchPoints="1" visitedBranchPoints="0" sequenceCoverage="0" branchCoverage="0" maxCyclomaticComplexity="1" minCyclomaticComplexity="1" maxCrapScore="2" minCrapScore="2" visitedClasses="0" numClasses="0" visitedMethods="0" numMethods="1" />
              <MetadataToken>100663379</MetadataToken>
              <Name>System.Void BancoDeDados.ConsoleApp.Controladores.ControladorContato::ExcluirRegistro(System.Int32)</Name>
              <FileRef uid="16" />
              <SequencePoints>
                <SequencePoint vc="0" uspid="754" ordinal="0" offset="0" sl="190" sc="9" el="190" ec="10" bec="0" bev="0" fileid="16" />
                <SequencePoint vc="0" uspid="755" ordinal="1" offset="1" sl="191" sc="13" el="191" ec="65" bec="0" bev="0" fileid="16" />
                <SequencePoint vc="0" uspid="756" ordinal="2" offset="7" sl="192" sc="13" el="192" ec="67" bec="0" bev="0" fileid="16" />
                <SequencePoint vc="0" uspid="757" ordinal="3" offset="19" sl="193" sc="13" el="193" ec="36" bec="0" bev="0" fileid="16" />
                <SequencePoint vc="0" uspid="758" ordinal="4" offset="26" sl="195" sc="13" el="195" ec="58" bec="0" bev="0" fileid="16" />
                <SequencePoint vc="0" uspid="759" ordinal="5" offset="32" sl="196" sc="13" el="196" ec="57" bec="0" bev="0" fileid="16" />
                <SequencePoint vc="0" uspid="760" ordinal="6" offset="40" sl="198" sc="13" el="198" ec="53" bec="0" bev="0" fileid="16" />
                <SequencePoint vc="0" uspid="761" ordinal="7" offset="52" sl="200" sc="13" el="200" ec="62" bec="0" bev="0" fileid="16" />
                <SequencePoint vc="0" uspid="762" ordinal="8" offset="75" sl="202" sc="13" el="202" ec="46" bec="0" bev="0" fileid="16" />
                <SequencePoint vc="0" uspid="763" ordinal="9" offset="82" sl="204" sc="13" el="204" ec="37" bec="0" bev="0" fileid="16" />
                <SequencePoint vc="0" uspid="764" ordinal="10" offset="89" sl="205" sc="9" el="205" ec="10" bec="0" bev="0" fileid="16" />
              </SequencePoints>
              <BranchPoints />
              <MethodPoint xsi:type="SequencePoint" vc="0" uspid="754" ordinal="0" offset="0" sl="190" sc="9" el="190" ec="10" bec="0" bev="0" fileid="16" />
            </Method>
            <Method visited="false" cyclomaticComplexity="1" nPathComplexity="0" sequenceCoverage="0" branchCoverage="0" crapScore="2" isConstructor="true" isStatic="false" isGetter="false" isSetter="false">
              <Summary numSequencePoints="0" visitedSequencePoints="0" numBranchPoints="0" visitedBranchPoints="0" sequenceCoverage="0" branchCoverage="0" maxCyclomaticComplexity="1" minCyclomaticComplexity="1" maxCrapScore="2" minCrapScore="2" visitedClasses="0" numClasses="0" visitedMethods="0" numMethods="0" />
              <MetadataToken>100663380</MetadataToken>
              <Name>System.Void BancoDeDados.ConsoleApp.Controladores.ControladorContato::.ctor()</Name>
              <SequencePoints />
              <BranchPoints />
              <MethodPoint vc="0" uspid="765" ordinal="0" offset="0" />
            </Method>
          </Methods>
        </Class>
      </Classes>
    </Module>
  </Modules>
</CoverageSession>